2020-10-02 10:37:25,018 INFO  [org.jboss.modules] (main) JBoss Modules version 1.10.2.Final
2020-10-02 10:37:25,366 INFO  [org.jboss.msc] (main) JBoss MSC version 1.4.12.Final
2020-10-02 10:37:25,374 INFO  [org.jboss.threads] (main) JBoss Threads version 2.4.0.Final
2020-10-02 10:37:25,460 INFO  [org.jboss.as] (MSC service thread 1-2) WFLYSRV0049: WildFly Full 21.0.0.Final-SNAPSHOT (WildFly Core 13.0.0.Beta6) starting
2020-10-02 10:37:25,461 DEBUG [org.jboss.as.config] (MSC service thread 1-2) Configured system properties:
	[Standalone] = 
	awt.toolkit = sun.awt.X11.XToolkit
	file.encoding = UTF-8
	file.encoding.pkg = sun.io
	file.separator = /
	java.awt.graphicsenv = sun.awt.X11GraphicsEnvironment
	java.awt.headless = true
	java.awt.printerjob = sun.print.PSPrinterJob
	java.class.path = /home/ochaloup/jboss/wildfly/dist/target/wildfly-21.0.0.Final-SNAPSHOT/jboss-modules.jar
	java.class.version = 52.0
	java.endorsed.dirs = /usr/lib/jvm/java-1.8.0-openjdk-1.8.0.252.b09-0.fc30.x86_64/jre/lib/endorsed
	java.ext.dirs = /usr/lib/jvm/java-1.8.0-openjdk-1.8.0.252.b09-0.fc30.x86_64/jre/lib/ext:/usr/java/packages/lib/ext
	java.home = /usr/lib/jvm/java-1.8.0-openjdk-1.8.0.252.b09-0.fc30.x86_64/jre
	java.io.tmpdir = /tmp
	java.library.path = /usr/java/packages/lib/amd64:/usr/lib64:/lib64:/lib:/usr/lib
	java.net.preferIPv4Stack = true
	java.runtime.name = OpenJDK Runtime Environment
	java.runtime.version = 1.8.0_252-b09
	java.specification.name = Java Platform API Specification
	java.specification.vendor = Oracle Corporation
	java.specification.version = 1.8
	java.util.logging.manager = org.jboss.logmanager.LogManager
	java.vendor = Oracle Corporation
	java.vendor.url = http://java.oracle.com/
	java.vendor.url.bug = http://bugreport.sun.com/bugreport/
	java.version = 1.8.0_252
	java.vm.info = mixed mode
	java.vm.name = OpenJDK 64-Bit Server VM
	java.vm.specification.name = Java Virtual Machine Specification
	java.vm.specification.vendor = Oracle Corporation
	java.vm.specification.version = 1.8
	java.vm.vendor = Oracle Corporation
	java.vm.version = 25.252-b09
	javax.management.builder.initial = org.jboss.as.jmx.PluggableMBeanServerBuilder
	jboss.home.dir = /home/ochaloup/jboss/wildfly/dist/target/wildfly-21.0.0.Final-SNAPSHOT
	jboss.host.name = ochaloup
	jboss.modules.dir = /home/ochaloup/jboss/wildfly/dist/target/wildfly-21.0.0.Final-SNAPSHOT/modules
	jboss.modules.system.pkgs = org.jboss.byteman
	jboss.node.name = ochaloup
	jboss.qualified.host.name = ochaloup
	jboss.server.base.dir = /home/ochaloup/jboss/wildfly/dist/target/wildfly-21.0.0.Final-SNAPSHOT/standalone
	jboss.server.config.dir = /home/ochaloup/jboss/wildfly/dist/target/wildfly-21.0.0.Final-SNAPSHOT/standalone/configuration
	jboss.server.data.dir = /home/ochaloup/jboss/wildfly/dist/target/wildfly-21.0.0.Final-SNAPSHOT/standalone/data
	jboss.server.deploy.dir = /home/ochaloup/jboss/wildfly/dist/target/wildfly-21.0.0.Final-SNAPSHOT/standalone/data/content
	jboss.server.log.dir = /home/ochaloup/jboss/wildfly/dist/target/wildfly-21.0.0.Final-SNAPSHOT/standalone/log
	jboss.server.name = ochaloup
	jboss.server.persist.config = true
	jboss.server.temp.dir = /home/ochaloup/jboss/wildfly/dist/target/wildfly-21.0.0.Final-SNAPSHOT/standalone/tmp
	line.separator = 

	logging.configuration = file:/home/ochaloup/jboss/wildfly/dist/target/wildfly-21.0.0.Final-SNAPSHOT/standalone/configuration/logging.properties
	module.path = /home/ochaloup/jboss/wildfly/dist/target/wildfly-21.0.0.Final-SNAPSHOT/modules
	org.jboss.boot.log.file = /home/ochaloup/jboss/wildfly/dist/target/wildfly-21.0.0.Final-SNAPSHOT/standalone/log/server.log
	org.jboss.resolver.warning = true
	os.arch = amd64
	os.name = Linux
	os.version = 5.6.13-100.fc30.x86_64
	path.separator = :
	sun.arch.data.model = 64
	sun.boot.class.path = /usr/lib/jvm/java-1.8.0-openjdk-1.8.0.252.b09-0.fc30.x86_64/jre/lib/resources.jar:/usr/lib/jvm/java-1.8.0-openjdk-1.8.0.252.b09-0.fc30.x86_64/jre/lib/rt.jar:/usr/lib/jvm/java-1.8.0-openjdk-1.8.0.252.b09-0.fc30.x86_64/jre/lib/sunrsasign.jar:/usr/lib/jvm/java-1.8.0-openjdk-1.8.0.252.b09-0.fc30.x86_64/jre/lib/jsse.jar:/usr/lib/jvm/java-1.8.0-openjdk-1.8.0.252.b09-0.fc30.x86_64/jre/lib/jce.jar:/usr/lib/jvm/java-1.8.0-openjdk-1.8.0.252.b09-0.fc30.x86_64/jre/lib/charsets.jar:/usr/lib/jvm/java-1.8.0-openjdk-1.8.0.252.b09-0.fc30.x86_64/jre/lib/jfr.jar:/usr/lib/jvm/java-1.8.0-openjdk-1.8.0.252.b09-0.fc30.x86_64/jre/classes
	sun.boot.library.path = /usr/lib/jvm/java-1.8.0-openjdk-1.8.0.252.b09-0.fc30.x86_64/jre/lib/amd64
	sun.cpu.endian = little
	sun.cpu.isalist = 
	sun.io.unicode.encoding = UnicodeLittle
	sun.java.command = /home/ochaloup/jboss/wildfly/dist/target/wildfly-21.0.0.Final-SNAPSHOT/jboss-modules.jar -mp /home/ochaloup/jboss/wildfly/dist/target/wildfly-21.0.0.Final-SNAPSHOT/modules org.jboss.as.standalone -Djboss.home.dir=/home/ochaloup/jboss/wildfly/dist/target/wildfly-21.0.0.Final-SNAPSHOT -Djboss.server.base.dir=/home/ochaloup/jboss/wildfly/dist/target/wildfly-21.0.0.Final-SNAPSHOT/standalone
	sun.java.launcher = SUN_STANDARD
	sun.jnu.encoding = UTF-8
	sun.management.compiler = HotSpot 64-Bit Tiered Compilers
	sun.os.patch.level = unknown
	user.country = US
	user.dir = /home/ochaloup/jboss/wildfly/dist/target/wildfly-21.0.0.Final-SNAPSHOT
	user.home = /home/ochaloup
	user.language = en
	user.name = ochaloup
	user.timezone = Europe/Prague
2020-10-02 10:37:25,462 DEBUG [org.jboss.as.config] (MSC service thread 1-2) VM Arguments: -D[Standalone] -Xms64m -Xmx512m -XX:MetaspaceSize=96M -XX:MaxMetaspaceSize=256m -Djava.net.preferIPv4Stack=true -Djboss.modules.system.pkgs=org.jboss.byteman -Djava.awt.headless=true -Dorg.jboss.boot.log.file=/home/ochaloup/jboss/wildfly/dist/target/wildfly-21.0.0.Final-SNAPSHOT/standalone/log/server.log -Dlogging.configuration=file:/home/ochaloup/jboss/wildfly/dist/target/wildfly-21.0.0.Final-SNAPSHOT/standalone/configuration/logging.properties 
2020-10-02 10:37:25,996 INFO  [org.wildfly.security] (ServerService Thread Pool -- 20) ELY00001: WildFly Elytron version 1.13.0.Final
2020-10-02 10:37:26,417 INFO  [org.jboss.as.controller.management-deprecated] (Controller Boot Thread) WFLYCTL0028: Attribute 'security-realm' in the resource at address '/core-service=management/management-interface=http-interface' is deprecated, and may be removed in a future version. See the attribute description in the output of the read-resource-description operation to learn more about the deprecation.
2020-10-02 10:37:26,448 INFO  [org.jboss.as.controller.management-deprecated] (ServerService Thread Pool -- 37) WFLYCTL0028: Attribute 'security-realm' in the resource at address '/subsystem=undertow/server=default-server/https-listener=https' is deprecated, and may be removed in a future version. See the attribute description in the output of the read-resource-description operation to learn more about the deprecation.
2020-10-02 10:37:26,470 INFO  [org.jboss.as.repository] (ServerService Thread Pool -- 32) WFLYDR0001: Content added at location /home/ochaloup/jboss/wildfly/dist/target/wildfly-21.0.0.Final-SNAPSHOT/standalone/data/content/91/736d77d8e60f4ddbc27181fb0332471a28bb96/content
2020-10-02 10:37:26,496 INFO  [org.jboss.as.server] (Controller Boot Thread) WFLYSRV0039: Creating http management service using socket-binding (management-http)
2020-10-02 10:37:26,509 INFO  [org.xnio] (MSC service thread 1-7) XNIO version 3.8.2.Final
2020-10-02 10:37:26,514 INFO  [org.xnio.nio] (MSC service thread 1-7) XNIO NIO Implementation Version 3.8.2.Final
2020-10-02 10:37:26,557 INFO  [org.jboss.as.connector.subsystems.datasources] (ServerService Thread Pool -- 44) WFLYJCA0004: Deploying JDBC-compliant driver class org.h2.Driver (version 1.4)
2020-10-02 10:37:26,558 INFO  [org.jboss.remoting] (MSC service thread 1-1) JBoss Remoting version 5.0.18.Final
2020-10-02 10:37:26,584 INFO  [org.jboss.as.clustering.infinispan] (ServerService Thread Pool -- 52) WFLYCLINF0001: Activating Infinispan subsystem.
2020-10-02 10:37:26,590 INFO  [org.jboss.as.jaxrs] (ServerService Thread Pool -- 54) WFLYRS0016: RESTEasy version 3.13.1.Final
2020-10-02 10:37:26,593 INFO  [org.wildfly.extension.io] (ServerService Thread Pool -- 53) WFLYIO001: Worker 'default' has auto-configured to 16 IO threads with 128 max task threads based on your 8 available processors
2020-10-02 10:37:26,600 INFO  [org.wildfly.extension.microprofile.config.smallrye._private] (ServerService Thread Pool -- 61) WFLYCONF0001: Activating WildFly MicroProfile Config Subsystem
2020-10-02 10:37:26,601 INFO  [org.jboss.as.jsf] (ServerService Thread Pool -- 59) WFLYJSF0007: Activated the following JSF Implementations: [main]
2020-10-02 10:37:26,603 INFO  [org.wildfly.extension.microprofile.jwt.smallrye._private] (ServerService Thread Pool -- 63) WFLYJWT0001: Activating WildFly MicroProfile JWT Subsystem
2020-10-02 10:37:26,610 INFO  [org.wildfly.extension.microprofile.opentracing] (ServerService Thread Pool -- 65) WFLYTRACEXT0001: Activating MicroProfile OpenTracing Subsystem
2020-10-02 10:37:26,611 INFO  [org.jboss.as.connector.deployers.jdbc] (MSC service thread 1-3) WFLYJCA0018: Started Driver service with driver-name = h2
2020-10-02 10:37:26,612 INFO  [org.jboss.as.connector] (MSC service thread 1-4) WFLYJCA0009: Starting JCA Subsystem (WildFly/IronJacamar 1.4.23.Final)
2020-10-02 10:37:26,617 INFO  [org.wildfly.extension.microprofile.health.smallrye] (ServerService Thread Pool -- 62) WFLYHEALTH0001: Activating Eclipse MicroProfile Health Subsystem
2020-10-02 10:37:26,627 INFO  [org.jboss.as.naming] (ServerService Thread Pool -- 66) WFLYNAM0001: Activating Naming Subsystem
2020-10-02 10:37:26,663 WARN  [org.jboss.as.txn] (ServerService Thread Pool -- 74) WFLYTX0013: The node-identifier attribute on the /subsystem=transactions is set to the default value. This is a danger for environments running multiple servers. Please make sure the attribute value is unique.
2020-10-02 10:37:26,669 INFO  [org.jboss.as.security] (ServerService Thread Pool -- 72) WFLYSEC0002: Activating Security Subsystem
2020-10-02 10:37:26,674 INFO  [org.jboss.as.webservices] (ServerService Thread Pool -- 76) WFLYWS0002: Activating WebServices Extension
2020-10-02 10:37:26,674 INFO  [org.jboss.as.security] (MSC service thread 1-7) WFLYSEC0001: Current PicketBox version=5.0.3.Final-redhat-00006
2020-10-02 10:37:26,683 INFO  [org.wildfly.extension.microprofile.metrics.smallrye] (ServerService Thread Pool -- 64) WFLYMETRICS0001: Activating Eclipse MicroProfile Metrics Subsystem
2020-10-02 10:37:26,693 INFO  [org.wildfly.extension.undertow] (MSC service thread 1-4) WFLYUT0003: Undertow 2.2.0.Final starting
2020-10-02 10:37:26,700 INFO  [org.jboss.as.mail.extension] (MSC service thread 1-6) WFLYMAIL0001: Bound mail session [java:jboss/mail/Default]
2020-10-02 10:37:26,701 INFO  [org.jboss.as.naming] (MSC service thread 1-4) WFLYNAM0003: Starting Naming Service
2020-10-02 10:37:26,763 INFO  [org.jboss.as.ejb3] (MSC service thread 1-4) WFLYEJB0481: Strict pool slsb-strict-max-pool is using a max instance size of 128 (per class), which is derived from thread worker pool sizing.
2020-10-02 10:37:26,763 INFO  [org.jboss.as.ejb3] (MSC service thread 1-8) WFLYEJB0482: Strict pool mdb-strict-max-pool is using a max instance size of 32 (per class), which is derived from the number of CPUs on this host.
2020-10-02 10:37:26,766 DEBUG [com.arjuna.ats.jta] (ServerService Thread Pool -- 74) Setting up node identifiers '[1]' for which recovery will be performed
2020-10-02 10:37:26,766 DEBUG [com.arjuna.ats.jta] (MSC service thread 1-6) Setting up node identifiers '[1]' for which recovery will be performed
2020-10-02 10:37:26,777 DEBUG [com.arjuna.ats.jta] (MSC service thread 1-6) Setting up node identifiers '[1]' for which recovery will be performed
2020-10-02 10:37:26,791 INFO  [org.wildfly.extension.undertow] (ServerService Thread Pool -- 75) WFLYUT0014: Creating file handler for path '/home/ochaloup/jboss/wildfly/dist/target/wildfly-21.0.0.Final-SNAPSHOT/welcome-content' with options [directory-listing: 'false', follow-symlink: 'false', case-sensitive: 'true', safe-symlink-paths: '[]']
2020-10-02 10:37:26,797 INFO  [org.wildfly.extension.undertow] (MSC service thread 1-2) WFLYUT0012: Started server default-server.
2020-10-02 10:37:26,799 INFO  [org.wildfly.extension.undertow] (MSC service thread 1-6) WFLYUT0018: Host default-host starting
2020-10-02 10:37:26,831 INFO  [com.arjuna.ats.jbossatx] (MSC service thread 1-6) ARJUNA032010: JBossTS Recovery Service (tag: 8702ddbde6375c7045b0ffea7cc8c27b14cb57cf) - JBoss Inc.
2020-10-02 10:37:26,842 DEBUG [com.arjuna.ats.arjuna] (MSC service thread 1-6) Start RecoveryActivators
2020-10-02 10:37:26,849 TRACE [com.arjuna.ats.common] (MSC service thread 1-6) Loading class com.arjuna.ats.internal.jta.recovery.arjunacore.CommitMarkableResourceRecordRecoveryModule
2020-10-02 10:37:26,866 TRACE [com.arjuna.ats.arjuna] (MSC service thread 1-6) StateManager::StateManager( 2, 0 )
2020-10-02 10:37:26,867 TRACE [com.arjuna.ats.arjuna] (MSC service thread 1-6) BasicAction::BasicAction()
2020-10-02 10:37:26,867 TRACE [com.arjuna.ats.common] (MSC service thread 1-6) Loading class com.arjuna.ats.internal.arjuna.coordinator.CheckedActionFactoryImple
2020-10-02 10:37:26,869 TRACE [com.arjuna.ats.arjuna] (MSC service thread 1-6) CommitMarkableResourceRecordRecoveryModule::list to contact
2020-10-02 10:37:26,869 TRACE [com.arjuna.ats.arjuna] (MSC service thread 1-6) CommitMarkableResourceRecordRecoveryModule::list to contact complete
2020-10-02 10:37:26,870 TRACE [com.arjuna.ats.common] (MSC service thread 1-6) Loading class com.arjuna.ats.internal.arjuna.objectstore.ShadowNoFileLockStore
2020-10-02 10:37:26,872 TRACE [com.arjuna.ats.arjuna] (MSC service thread 1-6) FileSystemStore.createHierarchy(/home/ochaloup/jboss/wildfly/dist/target/wildfly-21.0.0.Final-SNAPSHOT/standalone/data/tx-object-store/ShadowNoFileLockStore/defaultStore/)
2020-10-02 10:37:26,874 TRACE [com.arjuna.ats.arjuna] (MSC service thread 1-6) InputObjectState::InputObjectState()
2020-10-02 10:37:26,874 TRACE [com.arjuna.ats.arjuna] (MSC service thread 1-6) FileSystemStore.allObjUids(/Recovery/TransactionStatusManager, InputObjectState Uid   : 0:0:0:0:0
InputObjectState Type  : null
InputObjectState Size  : 0
InputObjectState Buffer: , -1)
2020-10-02 10:37:26,875 TRACE [com.arjuna.ats.arjuna] (MSC service thread 1-6) OutputObjectState::OutputObjectState()
2020-10-02 10:37:26,875 TRACE [com.arjuna.ats.common] (MSC service thread 1-6) Loading class com.arjuna.ats.internal.arjuna.recovery.AtomicActionRecoveryModule
2020-10-02 10:37:26,876 TRACE [com.arjuna.ats.arjuna] (MSC service thread 1-6) StateManager::StateManager( 2, 0 )
2020-10-02 10:37:26,876 TRACE [com.arjuna.ats.arjuna] (MSC service thread 1-6) BasicAction::BasicAction()
2020-10-02 10:37:26,876 DEBUG [com.arjuna.ats.arjuna] (MSC service thread 1-6) AtomicActionRecoveryModule created
2020-10-02 10:37:26,876 TRACE [com.arjuna.ats.arjuna] (MSC service thread 1-6) InputObjectState::InputObjectState()
2020-10-02 10:37:26,879 TRACE [com.arjuna.ats.arjuna] (MSC service thread 1-6) FileSystemStore.allObjUids(/Recovery/TransactionStatusManager, InputObjectState Uid   : 0:0:0:0:0
InputObjectState Type  : null
InputObjectState Size  : 0
InputObjectState Buffer: , -1)
2020-10-02 10:37:26,880 TRACE [com.arjuna.ats.arjuna] (MSC service thread 1-6) OutputObjectState::OutputObjectState()
2020-10-02 10:37:26,880 TRACE [com.arjuna.ats.common] (MSC service thread 1-6) Loading class com.arjuna.ats.internal.txoj.recovery.TORecoveryModule
2020-10-02 10:37:26,882 DEBUG [com.arjuna.ats.txoj] (MSC service thread 1-6) TORecoveryModule created
2020-10-02 10:37:26,882 TRACE [com.arjuna.ats.common] (MSC service thread 1-6) Loading class com.arjuna.ats.internal.arjuna.objectstore.ShadowNoFileLockStore
2020-10-02 10:37:26,882 TRACE [com.arjuna.ats.arjuna] (MSC service thread 1-6) FileSystemStore.createHierarchy(/home/ochaloup/jboss/wildfly/dist/target/wildfly-21.0.0.Final-SNAPSHOT/standalone/data/tx-object-store/ShadowNoFileLockStore/defaultStore/)
2020-10-02 10:37:26,882 TRACE [com.arjuna.ats.common] (MSC service thread 1-6) Loading class com.arjuna.ats.internal.jta.recovery.arjunacore.SubordinateAtomicActionRecoveryModule
2020-10-02 10:37:26,882 TRACE [com.arjuna.ats.common] (MSC service thread 1-6) Loading class com.arjuna.ats.internal.jta.recovery.arjunacore.XARecoveryModule
2020-10-02 10:37:26,884 TRACE [com.arjuna.ats.arjuna] (MSC service thread 1-6) InputObjectState::InputObjectState()
2020-10-02 10:37:26,884 TRACE [com.arjuna.ats.common] (MSC service thread 1-6) Loading class com.arjuna.ats.internal.jta.recovery.arjunacore.JTATransactionLogXAResourceOrphanFilter
2020-10-02 10:37:26,884 TRACE [com.arjuna.ats.common] (MSC service thread 1-6) Loading class com.arjuna.ats.internal.jta.recovery.arjunacore.JTANodeNameXAResourceOrphanFilter
2020-10-02 10:37:26,885 TRACE [com.arjuna.ats.common] (MSC service thread 1-6) Loading class com.arjuna.ats.internal.jta.recovery.arjunacore.SubordinateJTAXAResourceOrphanFilter
2020-10-02 10:37:26,885 INFO  [org.wildfly.extension.undertow] (MSC service thread 1-1) WFLYUT0006: Undertow HTTP listener default listening on 127.0.0.1:8080
2020-10-02 10:37:26,885 TRACE [com.arjuna.ats.common] (MSC service thread 1-6) Loading class com.arjuna.ats.internal.jta.recovery.arjunacore.SubordinationManagerXAResourceOrphanFilter
2020-10-02 10:37:26,885 TRACE [com.arjuna.ats.common] (MSC service thread 1-6) Loading class com.arjuna.ats.internal.jta.recovery.arjunacore.JTAActionStatusServiceXAResourceOrphanFilter
2020-10-02 10:37:26,887 DEBUG [com.arjuna.ats.arjuna] (MSC service thread 1-6) Expiry scan interval set to 43200 seconds
2020-10-02 10:37:26,887 TRACE [com.arjuna.ats.common] (MSC service thread 1-6) Loading class com.arjuna.ats.internal.arjuna.recovery.ExpiredTransactionStatusManagerScanner
2020-10-02 10:37:26,887 DEBUG [com.arjuna.ats.arjuna] (MSC service thread 1-6) Expiry scan interval set to  43200  seconds
2020-10-02 10:37:26,887 DEBUG [com.arjuna.ats.arjuna] (MSC service thread 1-6) ExpiredTransactionStatusManagerScanner created, with expiry time of 43200  seconds
2020-10-02 10:37:26,888 DEBUG [com.arjuna.ats.arjuna] (MSC service thread 1-6) ExpiredEntryMonitor - constructed
2020-10-02 10:37:26,888 DEBUG [com.arjuna.ats.arjuna] (MSC service thread 1-6) RecoveryManagerImple is ready. Socket listener is turned off.
2020-10-02 10:37:26,888 INFO  [com.arjuna.ats.jbossatx] (MSC service thread 1-6) ARJUNA032013: Starting transaction recovery manager
2020-10-02 10:37:26,888 DEBUG [com.arjuna.ats.arjuna] (Transaction Expired Entry Monitor) ExpiredEntryMonitor running at Fri, 2 Oct 2020 10:37:26
2020-10-02 10:37:26,888 DEBUG [com.arjuna.ats.arjuna] (Transaction Expired Entry Monitor) ExpiredTransactionStatusManagerScanner - scanning to remove items from before Thu, 1 Oct 2020 22:37:26
2020-10-02 10:37:26,888 TRACE [com.arjuna.ats.arjuna] (Transaction Expired Entry Monitor) InputObjectState::InputObjectState()
2020-10-02 10:37:26,888 TRACE [com.arjuna.ats.arjuna] (Transaction Expired Entry Monitor) FileSystemStore.allObjUids(/Recovery/TransactionStatusManager, InputObjectState Uid   : 0:0:0:0:0
InputObjectState Type  : null
InputObjectState Size  : 0
InputObjectState Buffer: , -1)
2020-10-02 10:37:26,888 TRACE [com.arjuna.ats.arjuna] (Transaction Expired Entry Monitor) OutputObjectState::OutputObjectState()
2020-10-02 10:37:26,889 DEBUG [com.arjuna.ats.arjuna] (Periodic Recovery) PeriodicRecovery: background thread Status <== SCANNING
2020-10-02 10:37:26,889 DEBUG [com.arjuna.ats.arjuna] (Transaction Expired Entry Monitor)   
2020-10-02 10:37:26,889 DEBUG [com.arjuna.ats.arjuna] (Periodic Recovery) PeriodicRecovery: background thread scanning
2020-10-02 10:37:26,889 DEBUG [com.arjuna.ats.arjuna] (Periodic Recovery) Periodic recovery first pass at Fri, 2 Oct 2020 10:37:26
2020-10-02 10:37:26,889 TRACE [com.arjuna.ats.arjuna] (Periodic Recovery) CommitMarkableResourceRecordRecoveryModule::periodicWorkFirstPass
2020-10-02 10:37:26,889 TRACE [com.arjuna.ats.arjuna] (Periodic Recovery) InputObjectState::InputObjectState()
2020-10-02 10:37:26,889 TRACE [com.arjuna.ats.arjuna] (Periodic Recovery) FileSystemStore.allObjUids(/StateManager/BasicAction/TwoPhaseCoordinator/AtomicActionConnectable, InputObjectState Uid   : 0:0:0:0:0
InputObjectState Type  : null
InputObjectState Size  : 0
InputObjectState Buffer: , -1)
2020-10-02 10:37:26,889 TRACE [com.arjuna.ats.arjuna] (Periodic Recovery) OutputObjectState::OutputObjectState()
2020-10-02 10:37:26,889 DEBUG [com.arjuna.ats.arjuna] (Periodic Recovery) processing /StateManager/BasicAction/TwoPhaseCoordinator/AtomicAction transactions
2020-10-02 10:37:26,889 TRACE [com.arjuna.ats.arjuna] (Periodic Recovery) InputObjectState::InputObjectState()
2020-10-02 10:37:26,889 TRACE [com.arjuna.ats.arjuna] (Periodic Recovery) FileSystemStore.allObjUids(/StateManager/BasicAction/TwoPhaseCoordinator/AtomicAction, InputObjectState Uid   : 0:0:0:0:0
InputObjectState Type  : null
InputObjectState Size  : 0
InputObjectState Buffer: , -1)
2020-10-02 10:37:26,889 TRACE [com.arjuna.ats.arjuna] (Periodic Recovery) OutputObjectState::OutputObjectState()
2020-10-02 10:37:26,890 DEBUG [com.arjuna.ats.arjuna] (Periodic Recovery) Recovery module 'com.arjuna.ats.internal.jta.recovery.arjunacore.CommitMarkableResourceRecordRecoveryModule@59d16bcf' first pass processed
2020-10-02 10:37:26,890 TRACE [com.arjuna.ats.arjuna] (Periodic Recovery) InputObjectState::InputObjectState()
2020-10-02 10:37:26,890 DEBUG [com.arjuna.ats.arjuna] (Periodic Recovery) AtomicActionRecoveryModule first pass
2020-10-02 10:37:26,890 TRACE [com.arjuna.ats.arjuna] (Periodic Recovery) FileSystemStore.allObjUids(/StateManager/BasicAction/TwoPhaseCoordinator/AtomicAction, InputObjectState Uid   : 0:0:0:0:0
InputObjectState Type  : null
InputObjectState Size  : 0
InputObjectState Buffer: , -1)
2020-10-02 10:37:26,890 TRACE [com.arjuna.ats.arjuna] (Periodic Recovery) OutputObjectState::OutputObjectState()
2020-10-02 10:37:26,890 DEBUG [com.arjuna.ats.arjuna] (Periodic Recovery) processing /StateManager/BasicAction/TwoPhaseCoordinator/AtomicAction transactions
2020-10-02 10:37:26,890 DEBUG [com.arjuna.ats.arjuna] (Periodic Recovery) Recovery module 'com.arjuna.ats.internal.arjuna.recovery.AtomicActionRecoveryModule@1cd3ee91' first pass processed
2020-10-02 10:37:26,890 DEBUG [com.arjuna.ats.txoj] (Periodic Recovery) TORecoveryModule - first pass
2020-10-02 10:37:26,890 TRACE [com.arjuna.ats.arjuna] (Periodic Recovery) InputObjectState::InputObjectState()
2020-10-02 10:37:26,890 TRACE [com.arjuna.ats.arjuna] (Periodic Recovery) FileSystemStore.allTypes(InputObjectState Uid   : 0:0:0:0:0
InputObjectState Type  : null
InputObjectState Size  : 0
InputObjectState Buffer: )
2020-10-02 10:37:26,890 TRACE [com.arjuna.ats.arjuna] (Periodic Recovery) OutputObjectState::OutputObjectState()
2020-10-02 10:37:26,890 DEBUG [com.arjuna.ats.arjuna] (Periodic Recovery) Recovery module 'com.arjuna.ats.internal.txoj.recovery.TORecoveryModule@764394c' first pass processed
2020-10-02 10:37:26,890 TRACE [com.arjuna.ats.arjuna] (Periodic Recovery) InputObjectState::InputObjectState()
2020-10-02 10:37:26,891 TRACE [com.arjuna.ats.arjuna] (Periodic Recovery) FileSystemStore.allObjUids(/StateManager/BasicAction/TwoPhaseCoordinator/AtomicAction/SubordinateAtomicAction/JCA, InputObjectState Uid   : 0:0:0:0:0
InputObjectState Type  : null
InputObjectState Size  : 0
InputObjectState Buffer: , -1)
2020-10-02 10:37:26,891 TRACE [com.arjuna.ats.arjuna] (Periodic Recovery) OutputObjectState::OutputObjectState()
2020-10-02 10:37:26,891 DEBUG [com.arjuna.ats.arjuna] (Periodic Recovery) Recovery module 'com.arjuna.ats.internal.jta.recovery.arjunacore.SubordinateAtomicActionRecoveryModule@78b28983' first pass processed
2020-10-02 10:37:26,891 DEBUG [com.arjuna.ats.jta] (Periodic Recovery) XARecoveryModule state change IDLE->FIRST_PASS

2020-10-02 10:37:26,891 TRACE [com.arjuna.ats.arjuna] (MSC service thread 1-6) ObjectStoreDir: /home/ochaloup/jboss/wildfly/dist/target/wildfly-21.0.0.Final-SNAPSHOT/standalone/data/tx-object-store
2020-10-02 10:37:26,891 DEBUG [com.arjuna.ats.jta] (Periodic Recovery) Local XARecoveryModule - first pass
2020-10-02 10:37:26,892 TRACE [com.arjuna.ats.arjuna] (Periodic Recovery) InputObjectState::InputObjectState()
2020-10-02 10:37:26,892 INFO  [com.arjuna.ats.jbossatx] (MSC service thread 1-6) ARJUNA032017: JBossTS Transaction Service (JTA version - tag: 8702ddbde6375c7045b0ffea7cc8c27b14cb57cf) - JBoss Inc.
2020-10-02 10:37:26,893 TRACE [com.arjuna.ats.arjuna] (Periodic Recovery) FileSystemStore.allObjUids(/StateManager/AbstractRecord/XAResourceRecord, InputObjectState Uid   : 0:0:0:0:0
InputObjectState Type  : null
InputObjectState Size  : 0
InputObjectState Buffer: , -1)
2020-10-02 10:37:26,893 TRACE [com.arjuna.ats.arjuna] (Periodic Recovery) OutputObjectState::OutputObjectState()
2020-10-02 10:37:26,894 DEBUG [com.arjuna.ats.jta] (Periodic Recovery) XARecoveryModule state change FIRST_PASS->BETWEEN_PASSES

2020-10-02 10:37:26,894 DEBUG [com.arjuna.ats.arjuna] (Periodic Recovery) Recovery module 'com.arjuna.ats.internal.jta.recovery.arjunacore.XARecoveryModule@6f247e2a' first pass processed
2020-10-02 10:37:26,894 TRACE [com.arjuna.ats.arjuna] (MSC service thread 1-6) TransactionReaper::instantiate()
2020-10-02 10:37:26,895 TRACE [com.arjuna.ats.arjuna] (MSC service thread 1-6) TransactionReaper::TransactionReaper ( 9223372036854775807 )
2020-10-02 10:37:26,896 TRACE [com.arjuna.ats.arjuna] (Transaction Reaper Worker 0) ReaperWorkerThread.run ()
2020-10-02 10:37:26,896 TRACE [com.arjuna.ats.arjuna] (Transaction Reaper) ReaperThread.run ()
2020-10-02 10:37:26,896 TRACE [com.arjuna.ats.arjuna] (Transaction Reaper Worker 0) Thread Thread[Transaction Reaper Worker 0,5,main] waiting for cancelled TXs
2020-10-02 10:37:26,896 TRACE [com.arjuna.ats.arjuna] (Transaction Reaper) Thread Thread[Transaction Reaper,5,main] sleeping for 9223370435226928911
2020-10-02 10:37:26,898 DEBUG [com.arjuna.ats.arjuna] (MSC service thread 1-6) registering bean jboss.jta:type=ObjectStore
2020-10-02 10:37:26,905 TRACE [com.arjuna.ats.common] (MSC service thread 1-7) Loading class com.arjuna.ats.jbossatx.jta.TransactionManagerDelegate
2020-10-02 10:37:26,914 TRACE [com.arjuna.ats.arjuna] (MSC service thread 1-7) InputObjectState::InputObjectState()
2020-10-02 10:37:26,914 TRACE [com.arjuna.ats.arjuna] (MSC service thread 1-7) FileSystemStore.allObjUids(/StateManager/BasicAction/TwoPhaseCoordinator/AtomicAction/SubordinateAtomicAction/JCA, InputObjectState Uid   : 0:0:0:0:0
InputObjectState Type  : null
InputObjectState Size  : 0
InputObjectState Buffer: , -1)
2020-10-02 10:37:26,914 TRACE [com.arjuna.ats.arjuna] (MSC service thread 1-7) OutputObjectState::OutputObjectState()
2020-10-02 10:37:26,917 INFO  [org.jboss.as.ejb3] (MSC service thread 1-1) WFLYEJB0493: EJB subsystem suspension complete
2020-10-02 10:37:26,963 INFO  [org.jboss.as.connector.subsystems.datasources] (MSC service thread 1-4) WFLYJCA0001: Bound data source [java:jboss/datasources/ExampleDS]
2020-10-02 10:37:26,972 INFO  [org.jboss.as.connector.subsystems.datasources] (MSC service thread 1-6) WFLYJCA0001: Bound data source [java:jboss/datasources/ExampleXADS2]
2020-10-02 10:37:26,972 INFO  [org.jboss.as.connector.subsystems.datasources] (MSC service thread 1-5) WFLYJCA0001: Bound data source [java:jboss/datasources/ExampleXADS]
2020-10-02 10:37:27,061 INFO  [org.jboss.as.patching] (MSC service thread 1-7) WFLYPAT0050: WildFly Full cumulative patch ID is: base, one-off patches include: none
2020-10-02 10:37:27,075 WARN  [org.jboss.as.domain.management.security] (MSC service thread 1-4) WFLYDM0111: Keystore /home/ochaloup/jboss/wildfly/dist/target/wildfly-21.0.0.Final-SNAPSHOT/standalone/configuration/application.keystore not found, it will be auto generated on first use with a self signed certificate for host localhost
2020-10-02 10:37:27,084 INFO  [org.jboss.as.server.deployment] (MSC service thread 1-6) WFLYSRV0027: Starting deployment of "jboss.eap-1.0-SNAPSHOT.war" (runtime-name: "jboss.eap-1.0-SNAPSHOT.war")
2020-10-02 10:37:27,084 INFO  [org.jboss.as.server.deployment.scanner] (MSC service thread 1-4) WFLYDS0013: Started FileSystemDeploymentService for directory /home/ochaloup/jboss/wildfly/dist/target/wildfly-21.0.0.Final-SNAPSHOT/standalone/deployments
2020-10-02 10:37:27,124 INFO  [org.wildfly.extension.undertow] (MSC service thread 1-1) WFLYUT0006: Undertow HTTPS listener https listening on 127.0.0.1:8443
2020-10-02 10:37:27,304 INFO  [org.jboss.ws.common.management] (MSC service thread 1-7) JBWS022052: Starting JBossWS 5.4.2.Final (Apache CXF 3.3.7) 
2020-10-02 10:37:27,607 INFO  [org.jboss.weld.deployer] (MSC service thread 1-4) WFLYWELD0003: Processing weld deployment jboss.eap-1.0-SNAPSHOT.war
2020-10-02 10:37:27,669 INFO  [org.hibernate.validator.internal.util.Version] (MSC service thread 1-4) HV000001: Hibernate Validator 6.0.20.Final
2020-10-02 10:37:27,780 INFO  [org.jboss.as.ejb3.deployment] (MSC service thread 1-4) WFLYEJB0473: JNDI bindings for session bean named 'SessionBean' in deployment unit 'deployment "jboss.eap-1.0-SNAPSHOT.war"' are as follows:

	java:global/jboss-eap-test/SessionBean!support.jboss.ejb.session.ISession
	java:app/jboss-eap-test/SessionBean!support.jboss.ejb.session.ISession
	java:module/SessionBean!support.jboss.ejb.session.ISession
	java:global/jboss-eap-test/SessionBean!support.jboss.ejb.session.remote.ISession
	java:app/jboss-eap-test/SessionBean!support.jboss.ejb.session.remote.ISession
	java:module/SessionBean!support.jboss.ejb.session.remote.ISession
	java:jboss/exported/jboss-eap-test/SessionBean!support.jboss.ejb.session.remote.ISession
	ejb:/jboss-eap-test/SessionBean!support.jboss.ejb.session.remote.ISession

2020-10-02 10:37:27,875 INFO  [io.jaegertracing.internal.JaegerTracer] (MSC service thread 1-4) No shutdown hook registered: Please call close() manually on application shutdown.
2020-10-02 10:37:27,977 INFO  [org.jboss.weld.Version] (MSC service thread 1-7) WELD-000900: 3.1.5 (Final)
2020-10-02 10:37:28,130 INFO  [org.infinispan.CONTAINER] (ServerService Thread Pool -- 78) ISPN000128: Infinispan version: Infinispan 'Corona Extra' 11.0.3.Final
2020-10-02 10:37:28,163 INFO  [org.infinispan.CONFIG] (MSC service thread 1-4) ISPN000152: Passivation configured without an eviction policy being selected. Only manually evicted entities will be passivated.
2020-10-02 10:37:28,164 INFO  [org.infinispan.CONFIG] (MSC service thread 1-4) ISPN000152: Passivation configured without an eviction policy being selected. Only manually evicted entities will be passivated.
2020-10-02 10:37:28,228 INFO  [org.infinispan.PERSISTENCE] (ServerService Thread Pool -- 78) ISPN000556: Starting user marshaller 'org.wildfly.clustering.infinispan.spi.marshalling.InfinispanProtoStreamMarshaller'
2020-10-02 10:37:28,362 INFO  [org.jboss.as.clustering.infinispan] (ServerService Thread Pool -- 78) WFLYCLINF0002: Started http-remoting-connector cache from ejb container
2020-10-02 10:37:28,459 INFO  [io.smallrye.metrics] (MSC service thread 1-8) MicroProfile: Metrics activated (SmallRye Metrics version: 2.4.2)
2020-10-02 10:37:28,879 INFO  [org.wildfly.extension.undertow] (ServerService Thread Pool -- 78) WFLYUT0021: Registered web context: '/jboss-eap-test' for server 'default-server'
2020-10-02 10:37:28,943 INFO  [org.jboss.as.server] (ServerService Thread Pool -- 45) WFLYSRV0010: Deployed "jboss.eap-1.0-SNAPSHOT.war" (runtime-name : "jboss.eap-1.0-SNAPSHOT.war")
2020-10-02 10:37:28,971 INFO  [org.jboss.as.server] (Controller Boot Thread) WFLYSRV0212: Resuming server
2020-10-02 10:37:28,972 INFO  [com.arjuna.ats.jbossatx] (Controller Boot Thread) ARJUNA032035: Resuming transaction recovery manager
2020-10-02 10:37:28,973 INFO  [org.jboss.as] (Controller Boot Thread) WFLYSRV0025: WildFly Full 21.0.0.Final-SNAPSHOT (WildFly Core 13.0.0.Beta6) started in 4272ms - Started 483 of 705 services (377 services are lazy, passive or on-demand)
2020-10-02 10:37:28,974 INFO  [org.jboss.as] (Controller Boot Thread) WFLYSRV0060: Http management interface listening on http://127.0.0.1:9990/management
2020-10-02 10:37:28,974 INFO  [org.jboss.as] (Controller Boot Thread) WFLYSRV0051: Admin console listening on http://127.0.0.1:9990
2020-10-02 10:37:33,869 INFO  [org.wildfly.naming] (default task-1) WildFly Naming version 1.0.13.Final
2020-10-02 10:37:33,879 INFO  [org.jboss.ejb.client] (default task-2) JBoss EJB Client version 4.0.35.Final
2020-10-02 10:37:34,109 TRACE [com.arjuna.ats.jta] (default task-2) TransactionImpleManager.suspend
2020-10-02 10:37:34,109 TRACE [com.arjuna.ats.jta] (default task-2) BaseTransaction.begin
2020-10-02 10:37:34,109 TRACE [com.arjuna.ats.arjuna] (default task-2) StateManager::StateManager( 2, 0 )
2020-10-02 10:37:34,110 TRACE [com.arjuna.ats.arjuna] (default task-2) BasicAction::BasicAction()
2020-10-02 10:37:34,110 TRACE [com.arjuna.ats.arjuna] (default task-2) BasicAction::Begin() for action-id 0:ffff0a2804a2:62cff1fa:5f76e6c6:e
2020-10-02 10:37:34,110 TRACE [com.arjuna.ats.arjuna] (default task-2) BasicAction::actionInitialise() for action-id 0:ffff0a2804a2:62cff1fa:5f76e6c6:e
2020-10-02 10:37:34,110 TRACE [com.arjuna.ats.arjuna] (default task-2) ActionHierarchy::ActionHierarchy(1)
2020-10-02 10:37:34,111 TRACE [com.arjuna.ats.arjuna] (default task-2) ActionHierarchy::add(0:ffff0a2804a2:62cff1fa:5f76e6c6:e, 1)
2020-10-02 10:37:34,111 TRACE [com.arjuna.ats.arjuna] (default task-2) BasicAction::addChildThread () action 0:ffff0a2804a2:62cff1fa:5f76e6c6:e adding Thread[default task-2,5,main]
2020-10-02 10:37:34,111 TRACE [com.arjuna.ats.arjuna] (default task-2) BasicAction::addChildThread () action 0:ffff0a2804a2:62cff1fa:5f76e6c6:e adding Thread[default task-2,5,main] result = true
2020-10-02 10:37:34,111 TRACE [com.arjuna.ats.arjuna] (default task-2) TransactionReaper::insert ( BasicAction: 0:ffff0a2804a2:62cff1fa:5f76e6c6:e status: ActionStatus.RUNNING, 300 )
2020-10-02 10:37:34,112 TRACE [com.arjuna.ats.arjuna] (default task-2) ReaperElement::ReaperElement ( BasicAction: 0:ffff0a2804a2:62cff1fa:5f76e6c6:e status: ActionStatus.RUNNING, 300 )
2020-10-02 10:37:34,112 TRACE [com.arjuna.ats.arjuna] (Transaction Reaper) ReaperThread.run ()
2020-10-02 10:37:34,112 TRACE [com.arjuna.ats.arjuna] (Transaction Reaper) TransactionReaper::check ()
2020-10-02 10:37:34,112 TRACE [com.arjuna.ats.arjuna] (Transaction Reaper) TransactionReaper::check - comparing 1601628154112
2020-10-02 10:37:34,112 TRACE [com.arjuna.ats.arjuna] (Transaction Reaper) Thread Thread[Transaction Reaper,5,main] sleeping for 300000
2020-10-02 10:37:34,112 TRACE [com.arjuna.ats.jta] (default task-2) TransactionImple.getStatus: javax.transaction.Status.STATUS_ACTIVE
2020-10-02 10:37:34,113 TRACE [com.arjuna.ats.jta] (default task-2) TransactionImpleManager.suspend
2020-10-02 10:37:34,113 TRACE [com.arjuna.ats.arjuna] (default task-2) BasicAction::removeChildThread () action 0:ffff0a2804a2:62cff1fa:5f76e6c6:e removing 1
2020-10-02 10:37:34,113 TRACE [com.arjuna.ats.arjuna] (default task-2) BasicAction::removeChildThread () action 0:ffff0a2804a2:62cff1fa:5f76e6c6:e removing 1 result = true
2020-10-02 10:37:34,115 TRACE [com.arjuna.ats.jta] (default task-2) TransactionImple.getStatus: javax.transaction.Status.STATUS_ACTIVE
2020-10-02 10:37:34,117 TRACE [com.arjuna.ats.jta] (default task-2) TransactionImple.registerSynchronization - Class: class org.wildfly.transaction.client.AbstractTransaction$AssociatingSynchronization HashCode: 656503046 toString: org.wildfly.transaction.client.AbstractTransaction$AssociatingSynchronization@27217106
2020-10-02 10:37:34,117 TRACE [com.arjuna.ats.jta] (default task-2) TransactionImpleManager.resume
2020-10-02 10:37:34,117 TRACE [com.arjuna.ats.arjuna] (default task-2) BasicAction::addChildThread () action 0:ffff0a2804a2:62cff1fa:5f76e6c6:e adding Thread[default task-2,5,main]
2020-10-02 10:37:34,117 TRACE [com.arjuna.ats.arjuna] (default task-2) BasicAction::addChildThread () action 0:ffff0a2804a2:62cff1fa:5f76e6c6:e adding Thread[default task-2,5,main] result = true
2020-10-02 10:37:34,117 TRACE [com.arjuna.ats.jta] (default task-2) TransactionImple.equals
2020-10-02 10:37:34,118 TRACE [com.arjuna.ats.jta] (default task-2) TransactionImple.equals
2020-10-02 10:37:34,118 TRACE [com.arjuna.ats.jta] (default task-2) TransactionImple.equals
2020-10-02 10:37:34,118 TRACE [com.arjuna.ats.jta] (default task-2) TransactionImple.equals
2020-10-02 10:37:34,119 TRACE [com.arjuna.ats.jta] (default task-2) TransactionImple.getStatus: javax.transaction.Status.STATUS_ACTIVE
2020-10-02 10:37:34,119 TRACE [com.arjuna.ats.jta] (default task-2) TransactionImpleManager.suspend
2020-10-02 10:37:34,119 TRACE [com.arjuna.ats.arjuna] (default task-2) BasicAction::removeChildThread () action 0:ffff0a2804a2:62cff1fa:5f76e6c6:e removing 1
2020-10-02 10:37:34,119 TRACE [com.arjuna.ats.arjuna] (default task-2) BasicAction::removeChildThread () action 0:ffff0a2804a2:62cff1fa:5f76e6c6:e removing 1 result = true
2020-10-02 10:37:34,119 TRACE [com.arjuna.ats.jta] (default task-2) TransactionImple.equals
2020-10-02 10:37:34,119 TRACE [com.arjuna.ats.jta] (default task-2) TransactionImpleManager.suspend
2020-10-02 10:37:34,119 TRACE [com.arjuna.ats.jta] (default task-2) BaseTransaction.begin
2020-10-02 10:37:34,119 TRACE [com.arjuna.ats.arjuna] (default task-2) StateManager::StateManager( 2, 0 )
2020-10-02 10:37:34,119 TRACE [com.arjuna.ats.arjuna] (default task-2) BasicAction::BasicAction()
2020-10-02 10:37:34,119 TRACE [com.arjuna.ats.arjuna] (default task-2) BasicAction::Begin() for action-id 0:ffff0a2804a2:62cff1fa:5f76e6c6:11
2020-10-02 10:37:34,119 TRACE [com.arjuna.ats.arjuna] (default task-2) BasicAction::actionInitialise() for action-id 0:ffff0a2804a2:62cff1fa:5f76e6c6:11
2020-10-02 10:37:34,119 TRACE [com.arjuna.ats.arjuna] (default task-2) ActionHierarchy::ActionHierarchy(1)
2020-10-02 10:37:34,119 TRACE [com.arjuna.ats.arjuna] (default task-2) ActionHierarchy::add(0:ffff0a2804a2:62cff1fa:5f76e6c6:11, 1)
2020-10-02 10:37:34,119 TRACE [com.arjuna.ats.arjuna] (default task-2) BasicAction::addChildThread () action 0:ffff0a2804a2:62cff1fa:5f76e6c6:11 adding Thread[default task-2,5,main]
2020-10-02 10:37:34,119 TRACE [com.arjuna.ats.arjuna] (default task-2) BasicAction::addChildThread () action 0:ffff0a2804a2:62cff1fa:5f76e6c6:11 adding Thread[default task-2,5,main] result = true
2020-10-02 10:37:34,119 TRACE [com.arjuna.ats.arjuna] (default task-2) TransactionReaper::insert ( BasicAction: 0:ffff0a2804a2:62cff1fa:5f76e6c6:11 status: ActionStatus.RUNNING, 300 )
2020-10-02 10:37:34,119 TRACE [com.arjuna.ats.arjuna] (default task-2) ReaperElement::ReaperElement ( BasicAction: 0:ffff0a2804a2:62cff1fa:5f76e6c6:11 status: ActionStatus.RUNNING, 300 )
2020-10-02 10:37:34,119 TRACE [com.arjuna.ats.jta] (default task-2) TransactionImple.getStatus: javax.transaction.Status.STATUS_ACTIVE
2020-10-02 10:37:34,119 TRACE [com.arjuna.ats.jta] (default task-2) TransactionImpleManager.suspend
2020-10-02 10:37:34,119 TRACE [com.arjuna.ats.arjuna] (default task-2) BasicAction::removeChildThread () action 0:ffff0a2804a2:62cff1fa:5f76e6c6:11 removing 1
2020-10-02 10:37:34,119 TRACE [com.arjuna.ats.arjuna] (default task-2) BasicAction::removeChildThread () action 0:ffff0a2804a2:62cff1fa:5f76e6c6:11 removing 1 result = true
2020-10-02 10:37:34,119 TRACE [com.arjuna.ats.jta] (default task-2) TransactionImple.getStatus: javax.transaction.Status.STATUS_ACTIVE
2020-10-02 10:37:34,119 TRACE [com.arjuna.ats.jta] (default task-2) TransactionImple.registerSynchronization - Class: class org.wildfly.transaction.client.AbstractTransaction$AssociatingSynchronization HashCode: 1394389710 toString: org.wildfly.transaction.client.AbstractTransaction$AssociatingSynchronization@531cb2ce
2020-10-02 10:37:34,119 TRACE [com.arjuna.ats.jta] (default task-2) TransactionImpleManager.resume
2020-10-02 10:37:34,120 TRACE [com.arjuna.ats.arjuna] (default task-2) BasicAction::addChildThread () action 0:ffff0a2804a2:62cff1fa:5f76e6c6:11 adding Thread[default task-2,5,main]
2020-10-02 10:37:34,120 TRACE [com.arjuna.ats.arjuna] (default task-2) BasicAction::addChildThread () action 0:ffff0a2804a2:62cff1fa:5f76e6c6:11 adding Thread[default task-2,5,main] result = true
2020-10-02 10:37:34,120 TRACE [com.arjuna.ats.jta] (default task-2) TransactionImple.equals
2020-10-02 10:37:34,120 TRACE [com.arjuna.ats.jta] (default task-2) TransactionImple.equals
2020-10-02 10:37:34,122 TRACE [com.arjuna.ats.jta] (default task-2) TransactionImple.getStatus: javax.transaction.Status.STATUS_ACTIVE
2020-10-02 10:37:34,122 TRACE [com.arjuna.ats.jta] (default task-2) TransactionImple.equals
2020-10-02 10:37:34,122 TRACE [com.arjuna.ats.jta] (default task-2) TransactionImple.getStatus: javax.transaction.Status.STATUS_ACTIVE
2020-10-02 10:37:34,122 TRACE [com.arjuna.ats.jta] (default task-2) BaseTransaction.commit
2020-10-02 10:37:34,122 TRACE [com.arjuna.ats.jta] (default task-2) TransactionImple.commitAndDisassociate
2020-10-02 10:37:34,122 TRACE [com.arjuna.ats.jta] (default task-2) SynchronizationImple.beforeCompletion - Class: class org.wildfly.transaction.client.AbstractTransaction$AssociatingSynchronization HashCode: 1394389710 toString: org.wildfly.transaction.client.AbstractTransaction$AssociatingSynchronization@531cb2ce
2020-10-02 10:37:34,122 TRACE [com.arjuna.ats.jta] (default task-2) TransactionImple.equals
2020-10-02 10:37:34,123 TRACE [com.arjuna.ats.jta] (default task-2) SynchronizationImple.beforeCompletion - Class: class org.wildfly.transaction.client.provider.jboss.JBossLocalTransactionProvider$1 HashCode: 2106513180 toString: org.wildfly.transaction.client.provider.jboss.JBossLocalTransactionProvider$1@7d8ed71c
2020-10-02 10:37:34,123 TRACE [com.arjuna.ats.arjuna] (default task-2) BasicAction::End() for action-id 0:ffff0a2804a2:62cff1fa:5f76e6c6:11
2020-10-02 10:37:34,123 TRACE [com.arjuna.ats.arjuna] (default task-2) BasicAction::End() result for action-id (0:ffff0a2804a2:62cff1fa:5f76e6c6:11) is (TwoPhaseOutcome.PREPARE_OK) node id: (1)
2020-10-02 10:37:34,123 TRACE [com.arjuna.ats.jta] (default task-2) SynchronizationImple.afterCompletion - Class: class org.wildfly.transaction.client.provider.jboss.JBossLocalTransactionProvider$1 HashCode: 2106513180 toString: org.wildfly.transaction.client.provider.jboss.JBossLocalTransactionProvider$1@7d8ed71c
2020-10-02 10:37:34,124 TRACE [com.arjuna.ats.jta] (default task-2) SynchronizationImple.afterCompletion - Class: class org.wildfly.transaction.client.AbstractTransaction$AssociatingSynchronization HashCode: 1394389710 toString: org.wildfly.transaction.client.AbstractTransaction$AssociatingSynchronization@531cb2ce
2020-10-02 10:37:34,124 TRACE [com.arjuna.ats.jta] (default task-2) TransactionImple.equals
2020-10-02 10:37:34,125 TRACE [com.arjuna.ats.arjuna] (default task-2) BasicAction::removeChildThread () action 0:ffff0a2804a2:62cff1fa:5f76e6c6:11 removing 1
2020-10-02 10:37:34,125 TRACE [com.arjuna.ats.arjuna] (default task-2) BasicAction::removeChildThread () action 0:ffff0a2804a2:62cff1fa:5f76e6c6:11 removing 1 result = true
2020-10-02 10:37:34,125 TRACE [com.arjuna.ats.arjuna] (default task-2) TransactionReaper::remove ( BasicAction: 0:ffff0a2804a2:62cff1fa:5f76e6c6:11 status: ActionStatus.COMMITTED )
2020-10-02 10:37:34,125 TRACE [com.arjuna.ats.jta] (default task-2) TransactionImpleManager.resume
2020-10-02 10:37:34,125 TRACE [com.arjuna.ats.arjuna] (default task-2) BasicAction::addChildThread () action 0:ffff0a2804a2:62cff1fa:5f76e6c6:e adding Thread[default task-2,5,main]
2020-10-02 10:37:34,125 TRACE [com.arjuna.ats.arjuna] (default task-2) BasicAction::addChildThread () action 0:ffff0a2804a2:62cff1fa:5f76e6c6:e adding Thread[default task-2,5,main] result = true
2020-10-02 10:37:34,126 TRACE [com.arjuna.ats.jta] (default task-2) TransactionImple.equals
2020-10-02 10:37:34,126 INFO  [support.jboss.ejb.session.SessionBean] (default task-2) ---> test started.
2020-10-02 10:37:34,126 TRACE [com.arjuna.ats.jta] (default task-2) TransactionImple.equals
2020-10-02 10:37:34,127 TRACE [com.arjuna.ats.jta] (default task-2) TransactionImple.getStatus: javax.transaction.Status.STATUS_ACTIVE
2020-10-02 10:37:34,127 TRACE [com.arjuna.ats.jta] (default task-2) TransactionImple.getStatus: javax.transaction.Status.STATUS_ACTIVE
2020-10-02 10:37:34,127 TRACE [com.arjuna.ats.jta] (default task-2) TransactionImple.equals
2020-10-02 10:37:34,128 TRACE [com.arjuna.ats.jta] (default task-2) TransactionImple.equals
2020-10-02 10:37:34,129 TRACE [com.arjuna.ats.jta] (default task-2) TransactionImple.getStatus: javax.transaction.Status.STATUS_ACTIVE
2020-10-02 10:37:34,130 TRACE [com.arjuna.ats.jta] (default task-2) TransactionImple.enlistResource ( XAResourceWrapperImpl@26b3a5b2[xaResource=org.jboss.jca.adapters.jdbc.xa.XAManagedConnection@4a3f8a27 pad=false overrideRmValue=null productName=H2 productVersion=1.4.197 (2018-03-18) jndiName=java:jboss/datasources/ExampleXADS] )
2020-10-02 10:37:34,130 TRACE [com.arjuna.ats.jta] (default task-2) TransactionImple.getStatus: javax.transaction.Status.STATUS_ACTIVE
2020-10-02 10:37:34,130 TRACE [com.arjuna.ats.arjuna] (default task-2) InputObjectState::InputObjectState()
2020-10-02 10:37:34,130 TRACE [com.arjuna.ats.arjuna] (default task-2) FileSystemStore.allObjUids(EISNAME, InputObjectState Uid   : 0:0:0:0:0
InputObjectState Type  : null
InputObjectState Size  : 0
InputObjectState Buffer: , -1)
2020-10-02 10:37:34,130 TRACE [com.arjuna.ats.arjuna] (default task-2) OutputObjectState::OutputObjectState()
2020-10-02 10:37:34,130 TRACE [com.arjuna.ats.arjuna] (default task-2) OutputObjectState::OutputObjectState()
2020-10-02 10:37:34,130 TRACE [com.arjuna.ats.arjuna] (default task-2) FileSystemStore.write_committed(0:ffff0a2804a2:62cff1fa:5f76e6c6:17, EISNAME)
2020-10-02 10:37:34,131 TRACE [com.arjuna.ats.arjuna] (default task-2) ShadowingStore.write_state(0:ffff0a2804a2:62cff1fa:5f76e6c6:17, EISNAME, StateType.OS_ORIGINAL)
2020-10-02 10:37:34,131 TRACE [com.arjuna.ats.arjuna] (default task-2) ShadowingStore.genPathName(0:ffff0a2804a2:62cff1fa:5f76e6c6:17, EISNAME, StateType.OS_ORIGINAL)
2020-10-02 10:37:34,131 TRACE [com.arjuna.ats.arjuna] (default task-2) FileSystemStore.genPathName(0:ffff0a2804a2:62cff1fa:5f76e6c6:17, EISNAME, 11)
2020-10-02 10:37:34,131 TRACE [com.arjuna.ats.arjuna] (default task-2) FileSystemStore.openAndLock(/home/ochaloup/jboss/wildfly/dist/target/wildfly-21.0.0.Final-SNAPSHOT/standalone/data/tx-object-store/ShadowNoFileLockStore/defaultStore/EISNAME/0_ffff0a2804a2_62cff1fa_5f76e6c6_17, FileLock.F_WRLCK, true)
2020-10-02 10:37:34,131 TRACE [com.arjuna.ats.arjuna] (default task-2) FileSystemStore.createHierarchy(/home/ochaloup/jboss/wildfly/dist/target/wildfly-21.0.0.Final-SNAPSHOT/standalone/data/tx-object-store/ShadowNoFileLockStore/defaultStore/EISNAME/0_ffff0a2804a2_62cff1fa_5f76e6c6_17)
2020-10-02 10:37:34,138 TRACE [com.arjuna.ats.arjuna] (default task-2) FileSystemStore.closeAndUnlock(/home/ochaloup/jboss/wildfly/dist/target/wildfly-21.0.0.Final-SNAPSHOT/standalone/data/tx-object-store/ShadowNoFileLockStore/defaultStore/EISNAME/0_ffff0a2804a2_62cff1fa_5f76e6c6_17, null, java.io.FileOutputStream@10437db6)
2020-10-02 10:37:34,139 TRACE [com.arjuna.ats.arjuna] (default task-2) StateManager::StateManager( 1, 0 )
2020-10-02 10:37:34,139 TRACE [com.arjuna.ats.arjuna] (default task-2) AbstractRecord::AbstractRecord (0:ffff0a2804a2:62cff1fa:5f76e6c6:19, 1)
2020-10-02 10:37:34,139 TRACE [com.arjuna.ats.jta] (default task-2) XAResourceRecord.XAResourceRecord ( < formatId=131077, gtrid_length=29, bqual_length=36, tx_uid=0:ffff0a2804a2:62cff1fa:5f76e6c6:e, node_name=1, branch_uid=0:ffff0a2804a2:62cff1fa:5f76e6c6:18, subordinatenodename=null, eis_name=java:jboss/datasources/ExampleXADS >, XAResourceWrapperImpl@26b3a5b2[xaResource=org.jboss.jca.adapters.jdbc.xa.XAManagedConnection@4a3f8a27 pad=false overrideRmValue=null productName=H2 productVersion=1.4.197 (2018-03-18) jndiName=java:jboss/datasources/ExampleXADS] ), record id=0:ffff0a2804a2:62cff1fa:5f76e6c6:19
2020-10-02 10:37:34,140 TRACE [com.arjuna.ats.arjuna] (default task-2) RecordList::insert(RecordList: empty) : appending /StateManager/AbstractRecord/XAResourceRecord for 0:ffff0a2804a2:62cff1fa:5f76e6c6:19
2020-10-02 10:37:34,148 TRACE [com.arjuna.ats.jta] (default task-2) TransactionImple.equals
2020-10-02 10:37:34,153 TRACE [com.arjuna.ats.jta] (default task-2) TransactionImple.setRollbackOnly
2020-10-02 10:37:34,153 TRACE [com.arjuna.ats.arjuna] (default task-2) BasicAction::preventCommit( BasicAction: 0:ffff0a2804a2:62cff1fa:5f76e6c6:e status: ActionStatus.RUNNING)
2020-10-02 10:37:34,153 INFO  [support.jboss.ejb.session.SessionBean] (default task-2) Connection1: org.jboss.jca.adapters.jdbc.jdk8.WrappedConnectionJDK8@b8d2621
2020-10-02 10:37:34,153 TRACE [com.arjuna.ats.jta] (default task-2) TransactionImple.equals
2020-10-02 10:37:34,153 TRACE [com.arjuna.ats.jta] (default task-2) TransactionImple.getStatus: javax.transaction.Status.STATUS_MARKED_ROLLBACK
2020-10-02 10:37:34,154 TRACE [com.arjuna.ats.jta] (default task-2) TransactionImple.equals
2020-10-02 10:37:34,154 TRACE [com.arjuna.ats.jta] (default task-2) TransactionImple.equals
2020-10-02 10:37:34,154 TRACE [com.arjuna.ats.jta] (default task-2) TransactionImple.getStatus: javax.transaction.Status.STATUS_MARKED_ROLLBACK
2020-10-02 10:37:34,154 TRACE [com.arjuna.ats.jta] (default task-2) TransactionImpleManager.suspend
2020-10-02 10:37:34,154 TRACE [com.arjuna.ats.arjuna] (default task-2) BasicAction::removeChildThread () action 0:ffff0a2804a2:62cff1fa:5f76e6c6:e removing 1
2020-10-02 10:37:34,154 TRACE [com.arjuna.ats.arjuna] (default task-2) BasicAction::removeChildThread () action 0:ffff0a2804a2:62cff1fa:5f76e6c6:e removing 1 result = true
2020-10-02 10:37:34,154 TRACE [com.arjuna.ats.jta] (default task-2) TransactionImple.equals
2020-10-02 10:37:34,154 TRACE [com.arjuna.ats.jta] (default task-2) TransactionImpleManager.suspend
2020-10-02 10:37:34,154 TRACE [com.arjuna.ats.jta] (default task-2) BaseTransaction.begin
2020-10-02 10:37:34,154 TRACE [com.arjuna.ats.arjuna] (default task-2) StateManager::StateManager( 2, 0 )
2020-10-02 10:37:34,155 TRACE [com.arjuna.ats.arjuna] (default task-2) BasicAction::BasicAction()
2020-10-02 10:37:34,155 TRACE [com.arjuna.ats.arjuna] (default task-2) BasicAction::Begin() for action-id 0:ffff0a2804a2:62cff1fa:5f76e6c6:1b
2020-10-02 10:37:34,155 TRACE [com.arjuna.ats.arjuna] (default task-2) BasicAction::actionInitialise() for action-id 0:ffff0a2804a2:62cff1fa:5f76e6c6:1b
2020-10-02 10:37:34,155 TRACE [com.arjuna.ats.arjuna] (default task-2) ActionHierarchy::ActionHierarchy(1)
2020-10-02 10:37:34,155 TRACE [com.arjuna.ats.arjuna] (default task-2) ActionHierarchy::add(0:ffff0a2804a2:62cff1fa:5f76e6c6:1b, 1)
2020-10-02 10:37:34,155 TRACE [com.arjuna.ats.arjuna] (default task-2) BasicAction::addChildThread () action 0:ffff0a2804a2:62cff1fa:5f76e6c6:1b adding Thread[default task-2,5,main]
2020-10-02 10:37:34,155 TRACE [com.arjuna.ats.arjuna] (default task-2) BasicAction::addChildThread () action 0:ffff0a2804a2:62cff1fa:5f76e6c6:1b adding Thread[default task-2,5,main] result = true
2020-10-02 10:37:34,155 TRACE [com.arjuna.ats.arjuna] (default task-2) TransactionReaper::insert ( BasicAction: 0:ffff0a2804a2:62cff1fa:5f76e6c6:1b status: ActionStatus.RUNNING, 300 )
2020-10-02 10:37:34,155 TRACE [com.arjuna.ats.arjuna] (default task-2) ReaperElement::ReaperElement ( BasicAction: 0:ffff0a2804a2:62cff1fa:5f76e6c6:1b status: ActionStatus.RUNNING, 300 )
2020-10-02 10:37:34,155 TRACE [com.arjuna.ats.jta] (default task-2) TransactionImple.getStatus: javax.transaction.Status.STATUS_ACTIVE
2020-10-02 10:37:34,155 TRACE [com.arjuna.ats.jta] (default task-2) TransactionImpleManager.suspend
2020-10-02 10:37:34,155 TRACE [com.arjuna.ats.arjuna] (default task-2) BasicAction::removeChildThread () action 0:ffff0a2804a2:62cff1fa:5f76e6c6:1b removing 1
2020-10-02 10:37:34,155 TRACE [com.arjuna.ats.arjuna] (default task-2) BasicAction::removeChildThread () action 0:ffff0a2804a2:62cff1fa:5f76e6c6:1b removing 1 result = true
2020-10-02 10:37:34,155 TRACE [com.arjuna.ats.jta] (default task-2) TransactionImple.getStatus: javax.transaction.Status.STATUS_ACTIVE
2020-10-02 10:37:34,155 TRACE [com.arjuna.ats.jta] (default task-2) TransactionImple.registerSynchronization - Class: class org.wildfly.transaction.client.AbstractTransaction$AssociatingSynchronization HashCode: 854798236 toString: org.wildfly.transaction.client.AbstractTransaction$AssociatingSynchronization@32f32f9c
2020-10-02 10:37:34,155 TRACE [com.arjuna.ats.jta] (default task-2) TransactionImpleManager.resume
2020-10-02 10:37:34,155 TRACE [com.arjuna.ats.arjuna] (default task-2) BasicAction::addChildThread () action 0:ffff0a2804a2:62cff1fa:5f76e6c6:1b adding Thread[default task-2,5,main]
2020-10-02 10:37:34,155 TRACE [com.arjuna.ats.arjuna] (default task-2) BasicAction::addChildThread () action 0:ffff0a2804a2:62cff1fa:5f76e6c6:1b adding Thread[default task-2,5,main] result = true
2020-10-02 10:37:34,155 TRACE [com.arjuna.ats.jta] (default task-2) TransactionImple.equals
2020-10-02 10:37:34,155 TRACE [com.arjuna.ats.jta] (default task-2) TransactionImple.equals
2020-10-02 10:37:34,155 TRACE [com.arjuna.ats.jta] (default task-2) TransactionImple.getStatus: javax.transaction.Status.STATUS_ACTIVE
2020-10-02 10:37:34,155 TRACE [com.arjuna.ats.jta] (default task-2) TransactionImple.equals
2020-10-02 10:37:34,155 TRACE [com.arjuna.ats.jta] (default task-2) TransactionImple.getStatus: javax.transaction.Status.STATUS_ACTIVE
2020-10-02 10:37:34,155 TRACE [com.arjuna.ats.jta] (default task-2) BaseTransaction.commit
2020-10-02 10:37:34,155 TRACE [com.arjuna.ats.jta] (default task-2) TransactionImple.commitAndDisassociate
2020-10-02 10:37:34,155 TRACE [com.arjuna.ats.jta] (default task-2) SynchronizationImple.beforeCompletion - Class: class org.wildfly.transaction.client.AbstractTransaction$AssociatingSynchronization HashCode: 854798236 toString: org.wildfly.transaction.client.AbstractTransaction$AssociatingSynchronization@32f32f9c
2020-10-02 10:37:34,155 TRACE [com.arjuna.ats.jta] (default task-2) TransactionImple.equals
2020-10-02 10:37:34,155 TRACE [com.arjuna.ats.jta] (default task-2) SynchronizationImple.beforeCompletion - Class: class org.wildfly.transaction.client.provider.jboss.JBossLocalTransactionProvider$1 HashCode: 2043004917 toString: org.wildfly.transaction.client.provider.jboss.JBossLocalTransactionProvider$1@79c5c7f5
2020-10-02 10:37:34,155 TRACE [com.arjuna.ats.arjuna] (default task-2) BasicAction::End() for action-id 0:ffff0a2804a2:62cff1fa:5f76e6c6:1b
2020-10-02 10:37:34,155 TRACE [com.arjuna.ats.arjuna] (default task-2) BasicAction::End() result for action-id (0:ffff0a2804a2:62cff1fa:5f76e6c6:1b) is (TwoPhaseOutcome.PREPARE_OK) node id: (1)
2020-10-02 10:37:34,156 TRACE [com.arjuna.ats.jta] (default task-2) SynchronizationImple.afterCompletion - Class: class org.wildfly.transaction.client.provider.jboss.JBossLocalTransactionProvider$1 HashCode: 2043004917 toString: org.wildfly.transaction.client.provider.jboss.JBossLocalTransactionProvider$1@79c5c7f5
2020-10-02 10:37:34,156 TRACE [com.arjuna.ats.jta] (default task-2) SynchronizationImple.afterCompletion - Class: class org.wildfly.transaction.client.AbstractTransaction$AssociatingSynchronization HashCode: 854798236 toString: org.wildfly.transaction.client.AbstractTransaction$AssociatingSynchronization@32f32f9c
2020-10-02 10:37:34,156 TRACE [com.arjuna.ats.jta] (default task-2) TransactionImple.equals
2020-10-02 10:37:34,156 TRACE [com.arjuna.ats.arjuna] (default task-2) BasicAction::removeChildThread () action 0:ffff0a2804a2:62cff1fa:5f76e6c6:1b removing 1
2020-10-02 10:37:34,156 TRACE [com.arjuna.ats.arjuna] (default task-2) BasicAction::removeChildThread () action 0:ffff0a2804a2:62cff1fa:5f76e6c6:1b removing 1 result = true
2020-10-02 10:37:34,156 TRACE [com.arjuna.ats.arjuna] (default task-2) TransactionReaper::remove ( BasicAction: 0:ffff0a2804a2:62cff1fa:5f76e6c6:1b status: ActionStatus.COMMITTED )
2020-10-02 10:37:34,156 TRACE [com.arjuna.ats.jta] (default task-2) TransactionImpleManager.resume
2020-10-02 10:37:34,156 TRACE [com.arjuna.ats.arjuna] (default task-2) BasicAction::addChildThread () action 0:ffff0a2804a2:62cff1fa:5f76e6c6:e adding Thread[default task-2,5,main]
2020-10-02 10:37:34,156 TRACE [com.arjuna.ats.arjuna] (default task-2) BasicAction::addChildThread () action 0:ffff0a2804a2:62cff1fa:5f76e6c6:e adding Thread[default task-2,5,main] result = false
2020-10-02 10:37:34,156 TRACE [com.arjuna.ats.jta] (default task-2) TransactionImple.equals
2020-10-02 10:37:34,156 TRACE [com.arjuna.ats.jta] (default task-2) TransactionImple.setRollbackOnly
2020-10-02 10:37:34,156 TRACE [com.arjuna.ats.arjuna] (default task-2) BasicAction::preventCommit( BasicAction: 0:ffff0a2804a2:62cff1fa:5f76e6c6:e status: ActionStatus.ABORT_ONLY)
2020-10-02 10:37:34,156 TRACE [com.arjuna.ats.jta] (default task-2) TransactionImple.equals
2020-10-02 10:37:34,156 TRACE [com.arjuna.ats.jta] (default task-2) TransactionImple.getStatus: javax.transaction.Status.STATUS_MARKED_ROLLBACK
2020-10-02 10:37:34,156 TRACE [com.arjuna.ats.jta] (default task-2) BaseTransaction.rollback
2020-10-02 10:37:34,156 TRACE [com.arjuna.ats.jta] (default task-2) TransactionImple.rollbackAndDisassociate
2020-10-02 10:37:34,156 TRACE [com.arjuna.ats.arjuna] (default task-2) BasicAction::Abort() for action-id 0:ffff0a2804a2:62cff1fa:5f76e6c6:e
2020-10-02 10:37:34,156 TRACE [com.arjuna.ats.arjuna] (default task-2) BasicAction::doAbort (XAResourceRecord < resource:XAResourceWrapperImpl@26b3a5b2[xaResource=org.jboss.jca.adapters.jdbc.xa.XAManagedConnection@4a3f8a27 pad=false overrideRmValue=null productName=H2 productVersion=1.4.197 (2018-03-18) jndiName=java:jboss/datasources/ExampleXADS], txid:< formatId=131077, gtrid_length=29, bqual_length=36, tx_uid=0:ffff0a2804a2:62cff1fa:5f76e6c6:e, node_name=1, branch_uid=0:ffff0a2804a2:62cff1fa:5f76e6c6:18, subordinatenodename=null, eis_name=java:jboss/datasources/ExampleXADS >, heuristic: TwoPhaseOutcome.FINISH_OK, product: H2/1.4.197 (2018-03-18), jndiName: java:jboss/datasources/ExampleXADS com.arjuna.ats.internal.jta.resources.arjunacore.XAResourceRecord@7cf0141b >)
2020-10-02 10:37:34,156 TRACE [com.arjuna.ats.jta] (default task-2) XAResourceRecord.topLevelAbort for XAResourceRecord < resource:XAResourceWrapperImpl@26b3a5b2[xaResource=org.jboss.jca.adapters.jdbc.xa.XAManagedConnection@4a3f8a27 pad=false overrideRmValue=null productName=H2 productVersion=1.4.197 (2018-03-18) jndiName=java:jboss/datasources/ExampleXADS], txid:< formatId=131077, gtrid_length=29, bqual_length=36, tx_uid=0:ffff0a2804a2:62cff1fa:5f76e6c6:e, node_name=1, branch_uid=0:ffff0a2804a2:62cff1fa:5f76e6c6:18, subordinatenodename=null, eis_name=java:jboss/datasources/ExampleXADS >, heuristic: TwoPhaseOutcome.FINISH_OK, product: H2/1.4.197 (2018-03-18), jndiName: java:jboss/datasources/ExampleXADS com.arjuna.ats.internal.jta.resources.arjunacore.XAResourceRecord@7cf0141b >, record id=0:ffff0a2804a2:62cff1fa:5f76e6c6:19
2020-10-02 10:37:34,157 TRACE [com.arjuna.ats.arjuna] (default task-2) BasicAction::doAbort() result for action-id (0:ffff0a2804a2:62cff1fa:5f76e6c6:e) on record id: (0:ffff0a2804a2:62cff1fa:5f76e6c6:19) is (TwoPhaseOutcome.FINISH_OK) node id: (1)
2020-10-02 10:37:34,157 TRACE [com.arjuna.ats.jta] (default task-2) SynchronizationImple.afterCompletion - Class: class org.wildfly.transaction.client.AbstractTransaction$AssociatingSynchronization HashCode: 1053628509 toString: org.wildfly.transaction.client.AbstractTransaction$AssociatingSynchronization@3ecd185d
2020-10-02 10:37:34,157 TRACE [com.arjuna.ats.jta] (default task-2) TransactionImple.equals
2020-10-02 10:37:34,157 TRACE [com.arjuna.ats.jta] (default task-2) SynchronizationImple.afterCompletion - Class: class org.wildfly.transaction.client.provider.jboss.JBossLocalTransactionProvider$1 HashCode: 1113690963 toString: org.wildfly.transaction.client.provider.jboss.JBossLocalTransactionProvider$1@42619353
2020-10-02 10:37:34,157 TRACE [com.arjuna.ats.jta] (default task-2) SynchronizationImple.afterCompletion - Class: class org.wildfly.transaction.client.AbstractTransaction$AssociatingSynchronization HashCode: 656503046 toString: org.wildfly.transaction.client.AbstractTransaction$AssociatingSynchronization@27217106
2020-10-02 10:37:34,157 TRACE [com.arjuna.ats.jta] (default task-2) TransactionImple.equals
2020-10-02 10:37:34,157 TRACE [com.arjuna.ats.arjuna] (default task-2) BasicAction::removeChildThread () action 0:ffff0a2804a2:62cff1fa:5f76e6c6:e removing 1
2020-10-02 10:37:34,157 TRACE [com.arjuna.ats.arjuna] (default task-2) BasicAction::removeChildThread () action 0:ffff0a2804a2:62cff1fa:5f76e6c6:e removing 1 result = true
2020-10-02 10:37:34,157 TRACE [com.arjuna.ats.arjuna] (default task-2) TransactionReaper::remove ( BasicAction: 0:ffff0a2804a2:62cff1fa:5f76e6c6:e status: ActionStatus.ABORTED )
2020-10-02 10:37:34,159 ERROR [org.jboss.as.ejb3.invocation] (default task-2) WFLYEJB0034: EJB Invocation failed on component SessionBean for method public abstract java.lang.String support.jboss.ejb.session.ISession.test() throws java.lang.Exception: javax.ejb.EJBException: java.lang.RuntimeException: Cannot work with connection of datasource2: org.jboss.as.connector.subsystems.datasources.WildFlyDataSource@211b115
	at org.jboss.as.ejb3.tx.CMTTxInterceptor.invokeInOurTx(CMTTxInterceptor.java:266)
	at org.jboss.as.ejb3.tx.CMTTxInterceptor.required(CMTTxInterceptor.java:388)
	at org.jboss.as.ejb3.tx.CMTTxInterceptor.processInvocation(CMTTxInterceptor.java:158)
	at org.jboss.invocation.InterceptorContext.proceed(InterceptorContext.java:422)
	at org.jboss.invocation.InterceptorContext$Invocation.proceed(InterceptorContext.java:509)
	at org.jboss.weld.module.ejb.AbstractEJBRequestScopeActivationInterceptor.aroundInvoke(AbstractEJBRequestScopeActivationInterceptor.java:81)
	at org.jboss.as.weld.ejb.EjbRequestScopeActivationInterceptor.processInvocation(EjbRequestScopeActivationInterceptor.java:89)
	at org.jboss.invocation.InterceptorContext.proceed(InterceptorContext.java:422)
	at org.jboss.as.ejb3.component.interceptors.CurrentInvocationContextInterceptor.processInvocation(CurrentInvocationContextInterceptor.java:41)
	at org.jboss.invocation.InterceptorContext.proceed(InterceptorContext.java:422)
	at org.jboss.as.ejb3.component.invocationmetrics.WaitTimeInterceptor.processInvocation(WaitTimeInterceptor.java:47)
	at org.jboss.invocation.InterceptorContext.proceed(InterceptorContext.java:422)
	at org.jboss.as.ejb3.security.SecurityContextInterceptor.processInvocation(SecurityContextInterceptor.java:100)
	at org.jboss.invocation.InterceptorContext.proceed(InterceptorContext.java:422)
	at org.jboss.as.ejb3.deployment.processors.StartupAwaitInterceptor.processInvocation(StartupAwaitInterceptor.java:22)
	at org.jboss.invocation.InterceptorContext.proceed(InterceptorContext.java:422)
	at org.jboss.as.ejb3.component.interceptors.ShutDownInterceptorFactory$1.processInvocation(ShutDownInterceptorFactory.java:64)
	at org.jboss.invocation.InterceptorContext.proceed(InterceptorContext.java:422)
	at org.jboss.as.ejb3.deployment.processors.EjbSuspendInterceptor.processInvocation(EjbSuspendInterceptor.java:57)
	at org.jboss.invocation.InterceptorContext.proceed(InterceptorContext.java:422)
	at org.jboss.as.ejb3.component.interceptors.LoggingInterceptor.processInvocation(LoggingInterceptor.java:67)
	at org.jboss.invocation.InterceptorContext.proceed(InterceptorContext.java:422)
	at org.jboss.as.ee.component.NamespaceContextInterceptor.processInvocation(NamespaceContextInterceptor.java:50)
	at org.jboss.invocation.InterceptorContext.proceed(InterceptorContext.java:422)
	at org.jboss.invocation.ContextClassLoaderInterceptor.processInvocation(ContextClassLoaderInterceptor.java:60)
	at org.jboss.invocation.InterceptorContext.proceed(InterceptorContext.java:422)
	at org.jboss.invocation.InterceptorContext.run(InterceptorContext.java:438)
	at org.wildfly.security.manager.WildFlySecurityManager.doChecked(WildFlySecurityManager.java:628)
	at org.jboss.invocation.AccessCheckingInterceptor.processInvocation(AccessCheckingInterceptor.java:57)
	at org.jboss.invocation.InterceptorContext.proceed(InterceptorContext.java:422)
	at org.jboss.invocation.ChainedInterceptor.processInvocation(ChainedInterceptor.java:53)
	at org.jboss.as.ee.component.ViewService$View.invoke(ViewService.java:198)
	at org.wildfly.security.auth.server.SecurityIdentity.runAsFunctionEx(SecurityIdentity.java:421)
	at org.jboss.as.ejb3.remote.AssociationImpl.invokeWithIdentity(AssociationImpl.java:619)
	at org.jboss.as.ejb3.remote.AssociationImpl.invokeMethod(AssociationImpl.java:600)
	at org.jboss.as.ejb3.remote.AssociationImpl.lambda$receiveInvocationRequest$0(AssociationImpl.java:217)
	at org.jboss.as.ejb3.remote.AssociationImpl.execute(AssociationImpl.java:310)
	at org.jboss.as.ejb3.remote.AssociationImpl.receiveInvocationRequest(AssociationImpl.java:263)
	at org.jboss.ejb.protocol.remote.EJBServerChannel$ReceiverImpl.handleInvocationRequest(EJBServerChannel.java:473)
	at org.jboss.ejb.protocol.remote.EJBServerChannel$ReceiverImpl.handleMessage(EJBServerChannel.java:208)
	at org.jboss.remoting3.remote.RemoteConnectionChannel.lambda$handleMessageData$3(RemoteConnectionChannel.java:430)
	at org.jboss.remoting3.EndpointImpl$TrackingExecutor.lambda$execute$0(EndpointImpl.java:991)
	at org.jboss.threads.ContextClassLoaderSavingRunnable.run(ContextClassLoaderSavingRunnable.java:35)
	at org.jboss.threads.EnhancedQueueExecutor.safeRun(EnhancedQueueExecutor.java:1990)
	at org.jboss.threads.EnhancedQueueExecutor$ThreadBody.doRunTask(EnhancedQueueExecutor.java:1486)
	at org.jboss.threads.EnhancedQueueExecutor$ThreadBody.run(EnhancedQueueExecutor.java:1377)
	at org.xnio.XnioWorker$WorkerThreadFactory$1$1.run(XnioWorker.java:1280)
	at java.lang.Thread.run(Thread.java:748)
Caused by: java.lang.RuntimeException: Cannot work with connection of datasource2: org.jboss.as.connector.subsystems.datasources.WildFlyDataSource@211b115
	at support.jboss.ejb.session.SessionBean.test(SessionBean.java:61)
	at sun.reflect.NativeMethodAccessorImpl.invoke0(Native Method)
	at sun.reflect.NativeMethodAccessorImpl.invoke(NativeMethodAccessorImpl.java:62)
	at sun.reflect.DelegatingMethodAccessorImpl.invoke(DelegatingMethodAccessorImpl.java:43)
	at java.lang.reflect.Method.invoke(Method.java:498)
	at org.jboss.as.ee.component.ManagedReferenceMethodInterceptor.processInvocation(ManagedReferenceMethodInterceptor.java:52)
	at org.jboss.invocation.InterceptorContext.proceed(InterceptorContext.java:422)
	at org.jboss.invocation.InterceptorContext$Invocation.proceed(InterceptorContext.java:509)
	at org.jboss.as.weld.interceptors.Jsr299BindingsInterceptor.delegateInterception(Jsr299BindingsInterceptor.java:79)
	at org.jboss.as.weld.interceptors.Jsr299BindingsInterceptor.doMethodInterception(Jsr299BindingsInterceptor.java:89)
	at org.jboss.as.weld.interceptors.Jsr299BindingsInterceptor.processInvocation(Jsr299BindingsInterceptor.java:102)
	at org.jboss.as.ee.component.interceptors.UserInterceptorFactory$1.processInvocation(UserInterceptorFactory.java:63)
	at org.jboss.invocation.InterceptorContext.proceed(InterceptorContext.java:422)
	at org.jboss.as.ejb3.component.invocationmetrics.ExecutionTimeInterceptor.processInvocation(ExecutionTimeInterceptor.java:43)
	at org.jboss.invocation.InterceptorContext.proceed(InterceptorContext.java:422)
	at org.jboss.as.jpa.interceptor.SBInvocationInterceptor.processInvocation(SBInvocationInterceptor.java:47)
	at org.jboss.invocation.InterceptorContext.proceed(InterceptorContext.java:422)
	at org.jboss.as.ee.concurrent.ConcurrentContextInterceptor.processInvocation(ConcurrentContextInterceptor.java:45)
	at org.jboss.invocation.InterceptorContext.proceed(InterceptorContext.java:422)
	at org.jboss.invocation.InitialInterceptor.processInvocation(InitialInterceptor.java:40)
	at org.jboss.invocation.InterceptorContext.proceed(InterceptorContext.java:422)
	at org.jboss.invocation.ChainedInterceptor.processInvocation(ChainedInterceptor.java:53)
	at org.jboss.as.ee.component.interceptors.ComponentDispatcherInterceptor.processInvocation(ComponentDispatcherInterceptor.java:52)
	at org.jboss.invocation.InterceptorContext.proceed(InterceptorContext.java:422)
	at org.jboss.as.ejb3.component.pool.PooledInstanceInterceptor.processInvocation(PooledInstanceInterceptor.java:51)
	at org.jboss.invocation.InterceptorContext.proceed(InterceptorContext.java:422)
	at org.jboss.as.ejb3.component.interceptors.AdditionalSetupInterceptor.processInvocation(AdditionalSetupInterceptor.java:54)
	at org.jboss.invocation.InterceptorContext.proceed(InterceptorContext.java:422)
	at org.jboss.as.ejb3.tx.CMTTxInterceptor.invokeInOurTx(CMTTxInterceptor.java:252)
	... 47 more
Caused by: java.sql.SQLException: javax.resource.ResourceException: IJ000460: Error checking for a transaction
	at org.jboss.jca.adapters.jdbc.WrapperDataSource.getConnection(WrapperDataSource.java:159)
	at org.jboss.as.connector.subsystems.datasources.WildFlyDataSource.getConnection(WildFlyDataSource.java:64)
	at support.jboss.ejb.session.SessionBean.test(SessionBean.java:58)
	... 75 more
Caused by: javax.resource.ResourceException: IJ000460: Error checking for a transaction
	at org.jboss.jca.core.connectionmanager.tx.TxConnectionManagerImpl.getManagedConnection(TxConnectionManagerImpl.java:435)
	at org.jboss.jca.core.connectionmanager.AbstractConnectionManager.allocateConnection(AbstractConnectionManager.java:789)
	at org.jboss.jca.adapters.jdbc.WrapperDataSource.getConnection(WrapperDataSource.java:151)
	... 77 more
Caused by: javax.resource.ResourceException: IJ000459: Transaction is not active: tx=Local transaction (delegate=TransactionImple < ac, BasicAction: 0:ffff0a2804a2:62cff1fa:5f76e6c6:e status: ActionStatus.ABORT_ONLY >, owner=Local transaction context for provider JBoss JTA transaction provider)
	at org.jboss.jca.core.connectionmanager.tx.TxConnectionManagerImpl.getManagedConnection(TxConnectionManagerImpl.java:419)
	... 79 more

2020-10-02 10:37:36,894 DEBUG [com.arjuna.ats.arjuna] (Periodic Recovery) Periodic recovery second pass at Fri, 2 Oct 2020 10:37:36
2020-10-02 10:37:36,895 TRACE [com.arjuna.ats.arjuna] (Periodic Recovery) CommitMarkableResourceRecordRecoveryModule second pass
2020-10-02 10:37:36,895 TRACE [com.arjuna.ats.arjuna] (Periodic Recovery) InputObjectState::InputObjectState()
2020-10-02 10:37:36,895 TRACE [com.arjuna.ats.arjuna] (Periodic Recovery) FileSystemStore.allObjUids(/StateManager/BasicAction/TwoPhaseCoordinator/AtomicAction, InputObjectState Uid   : 0:0:0:0:0
InputObjectState Type  : null
InputObjectState Size  : 0
InputObjectState Buffer: , -1)
2020-10-02 10:37:36,895 TRACE [com.arjuna.ats.arjuna] (Periodic Recovery) OutputObjectState::OutputObjectState()
2020-10-02 10:37:36,895 TRACE [com.arjuna.ats.arjuna] (Periodic Recovery) FileSystemStore.allObjUids(/StateManager/BasicAction/TwoPhaseCoordinator/AtomicActionConnectable, InputObjectState Uid   : 0:0:0:0:0
InputObjectState Type  : null
InputObjectState Size  : 40
InputObjectState Buffer: , -1)
2020-10-02 10:37:36,895 TRACE [com.arjuna.ats.arjuna] (Periodic Recovery) OutputObjectState::OutputObjectState()
2020-10-02 10:37:36,895 DEBUG [com.arjuna.ats.arjuna] (Periodic Recovery) Recovery module 'com.arjuna.ats.internal.jta.recovery.arjunacore.CommitMarkableResourceRecordRecoveryModule@59d16bcf' second pass processed
2020-10-02 10:37:36,896 DEBUG [com.arjuna.ats.arjuna] (Periodic Recovery) AtomicActionRecoveryModule second pass
2020-10-02 10:37:36,896 DEBUG [com.arjuna.ats.arjuna] (Periodic Recovery) Recovery module 'com.arjuna.ats.internal.arjuna.recovery.AtomicActionRecoveryModule@1cd3ee91' second pass processed
2020-10-02 10:37:36,896 DEBUG [com.arjuna.ats.txoj] (Periodic Recovery) TORecoveryModule - second pass
2020-10-02 10:37:36,896 DEBUG [com.arjuna.ats.arjuna] (Periodic Recovery) Recovery module 'com.arjuna.ats.internal.txoj.recovery.TORecoveryModule@764394c' second pass processed
2020-10-02 10:37:36,896 DEBUG [com.arjuna.ats.arjuna] (Periodic Recovery) Recovery module 'com.arjuna.ats.internal.jta.recovery.arjunacore.SubordinateAtomicActionRecoveryModule@78b28983' second pass processed
2020-10-02 10:37:36,896 DEBUG [com.arjuna.ats.jta] (Periodic Recovery) XARecoveryModule state change BETWEEN_PASSES->SECOND_PASS

2020-10-02 10:37:36,896 DEBUG [com.arjuna.ats.jta] (Periodic Recovery) Local XARecoveryModule - second pass
2020-10-02 10:37:36,896 DEBUG [com.arjuna.ats.jta] (Periodic Recovery) Local XARecoveryModule.transactionInitiatedRecovery completed
2020-10-02 10:37:36,896 DEBUG [com.arjuna.ats.jta] (Periodic Recovery) Local XARecoveryModule.resourceInitiatedRecovery completed
2020-10-02 10:37:36,897 DEBUG [com.arjuna.ats.jta] (Periodic Recovery) XARecoveryModule state change SECOND_PASS->IDLE

2020-10-02 10:37:36,897 DEBUG [com.arjuna.ats.arjuna] (Periodic Recovery) Recovery module 'com.arjuna.ats.internal.jta.recovery.arjunacore.XARecoveryModule@6f247e2a' second pass processed
2020-10-02 10:37:36,897 DEBUG [com.arjuna.ats.arjuna] (Periodic Recovery) PeriodicRecovery: background thread Status <== INACTIVE
2020-10-02 10:37:36,897 DEBUG [com.arjuna.ats.arjuna] (Periodic Recovery) PeriodicRecovery: background thread backing off
2020-10-02 10:37:49,399 INFO  [org.jboss.as.server] (Thread-2) WFLYSRV0272: Suspending server
2020-10-02 10:37:49,401 INFO  [com.arjuna.ats.jbossatx] (Thread-2) ARJUNA032034: Suspending transaction recovery manager
2020-10-02 10:37:49,401 DEBUG [com.arjuna.ats.arjuna] (Thread-2) PeriodicRecovery: Mode <== SUSPENDED
2020-10-02 10:37:49,401 DEBUG [com.arjuna.ats.arjuna] (Periodic Recovery) PeriodicRecovery: background thread wait while SUSPENDED
2020-10-02 10:37:49,402 INFO  [org.jboss.as.ejb3] (Thread-2) WFLYEJB0493: EJB subsystem suspension complete
2020-10-02 10:37:49,414 INFO  [org.jboss.as.server] (Thread-2) WFLYSRV0220: Server shutdown has been requested via an OS signal
2020-10-02 10:37:49,424 INFO  [org.jboss.as.mail.extension] (MSC service thread 1-3) WFLYMAIL0002: Unbound mail session [java:jboss/mail/Default]
2020-10-02 10:37:49,426 INFO  [org.wildfly.extension.undertow] (ServerService Thread Pool -- 78) WFLYUT0022: Unregistered web context: '/jboss-eap-test' from server 'default-server'
2020-10-02 10:37:49,433 INFO  [org.wildfly.extension.undertow] (MSC service thread 1-2) WFLYUT0019: Host default-host stopping
2020-10-02 10:37:49,457 INFO  [org.jboss.as.connector.subsystems.datasources] (MSC service thread 1-6) WFLYJCA0010: Unbound data source [java:jboss/datasources/ExampleDS]
2020-10-02 10:37:49,457 INFO  [org.jboss.as.connector.subsystems.datasources] (MSC service thread 1-7) WFLYJCA0010: Unbound data source [java:jboss/datasources/ExampleXADS]
2020-10-02 10:37:49,457 INFO  [org.jboss.as.connector.subsystems.datasources] (MSC service thread 1-5) WFLYJCA0010: Unbound data source [java:jboss/datasources/ExampleXADS2]
2020-10-02 10:37:49,469 INFO  [org.jboss.as.clustering.infinispan] (ServerService Thread Pool -- 78) WFLYCLINF0003: Stopped http-remoting-connector cache from ejb container
2020-10-02 10:37:49,471 INFO  [org.jboss.as.connector.deployers.jdbc] (MSC service thread 1-1) WFLYJCA0019: Stopped Driver service with driver-name = h2
2020-10-02 10:37:49,472 INFO  [org.infinispan.manager.DefaultCacheManager] (ServerService Thread Pool -- 86) Stopping cache manager null on null
2020-10-02 10:37:49,481 INFO  [com.arjuna.ats.jbossatx] (MSC service thread 1-3) ARJUNA032018: Destroying TransactionManagerService
2020-10-02 10:37:49,481 INFO  [com.arjuna.ats.jbossatx] (MSC service thread 1-5) ARJUNA032014: Stopping transaction recovery manager
2020-10-02 10:37:49,481 INFO  [org.wildfly.extension.undertow] (MSC service thread 1-8) WFLYUT0008: Undertow HTTP listener default suspending
2020-10-02 10:37:49,481 DEBUG [com.arjuna.ats.jta] (MSC service thread 1-2) Setting up node identifiers 'null' for which recovery will be performed
2020-10-02 10:37:49,482 INFO  [org.wildfly.extension.undertow] (MSC service thread 1-8) WFLYUT0007: Undertow HTTP listener default stopped, was bound to 127.0.0.1:8080
2020-10-02 10:37:49,482 DEBUG [com.arjuna.ats.arjuna] (MSC service thread 1-5) PeriodicRecovery: Mode <== TERMINATED
2020-10-02 10:37:49,482 DEBUG [com.arjuna.ats.arjuna] (MSC service thread 1-5) PeriodicRecovery: shutdown scan wait complete
2020-10-02 10:37:49,482 DEBUG [com.arjuna.ats.arjuna] (Periodic Recovery) PeriodicRecovery: background thread exiting
2020-10-02 10:37:49,482 INFO  [org.wildfly.extension.undertow] (MSC service thread 1-7) WFLYUT0008: Undertow HTTPS listener https suspending
2020-10-02 10:37:49,482 INFO  [org.wildfly.extension.undertow] (MSC service thread 1-7) WFLYUT0007: Undertow HTTPS listener https stopped, was bound to 127.0.0.1:8443
2020-10-02 10:37:49,483 INFO  [org.wildfly.extension.undertow] (MSC service thread 1-7) WFLYUT0004: Undertow 2.2.0.Final stopping
2020-10-02 10:37:49,485 INFO  [org.jboss.as.server.deployment] (MSC service thread 1-1) WFLYSRV0028: Stopped deployment jboss.eap-1.0-SNAPSHOT.war (runtime-name: jboss.eap-1.0-SNAPSHOT.war) in 66ms
2020-10-02 10:37:49,489 INFO  [org.jboss.as] (MSC service thread 1-8) WFLYSRV0050: WildFly Full 21.0.0.Final-SNAPSHOT (WildFly Core 13.0.0.Beta6) stopped in 72ms
