2020-10-02 10:35:35,650 INFO  [org.jboss.modules] (main) JBoss Modules version 1.10.2.Final
2020-10-02 10:35:35,978 INFO  [org.jboss.msc] (main) JBoss MSC version 1.4.12.Final
2020-10-02 10:35:35,985 INFO  [org.jboss.threads] (main) JBoss Threads version 2.4.0.Final
2020-10-02 10:35:36,073 INFO  [org.jboss.as] (MSC service thread 1-2) WFLYSRV0049: WildFly Full 21.0.0.Final-SNAPSHOT (WildFly Core 13.0.0.Beta6) starting
2020-10-02 10:35:36,074 DEBUG [org.jboss.as.config] (MSC service thread 1-2) Configured system properties:
	[Standalone] = 
	awt.toolkit = sun.awt.X11.XToolkit
	file.encoding = UTF-8
	file.encoding.pkg = sun.io
	file.separator = /
	java.awt.graphicsenv = sun.awt.X11GraphicsEnvironment
	java.awt.headless = true
	java.awt.printerjob = sun.print.PSPrinterJob
	java.class.path = /home/ochaloup/jboss/wildfly/dist/target/wildfly-21.0.0.Final-SNAPSHOT/jboss-modules.jar
	java.class.version = 52.0
	java.endorsed.dirs = /usr/lib/jvm/java-1.8.0-openjdk-1.8.0.252.b09-0.fc30.x86_64/jre/lib/endorsed
	java.ext.dirs = /usr/lib/jvm/java-1.8.0-openjdk-1.8.0.252.b09-0.fc30.x86_64/jre/lib/ext:/usr/java/packages/lib/ext
	java.home = /usr/lib/jvm/java-1.8.0-openjdk-1.8.0.252.b09-0.fc30.x86_64/jre
	java.io.tmpdir = /tmp
	java.library.path = /usr/java/packages/lib/amd64:/usr/lib64:/lib64:/lib:/usr/lib
	java.net.preferIPv4Stack = true
	java.runtime.name = OpenJDK Runtime Environment
	java.runtime.version = 1.8.0_252-b09
	java.specification.name = Java Platform API Specification
	java.specification.vendor = Oracle Corporation
	java.specification.version = 1.8
	java.util.logging.manager = org.jboss.logmanager.LogManager
	java.vendor = Oracle Corporation
	java.vendor.url = http://java.oracle.com/
	java.vendor.url.bug = http://bugreport.sun.com/bugreport/
	java.version = 1.8.0_252
	java.vm.info = mixed mode
	java.vm.name = OpenJDK 64-Bit Server VM
	java.vm.specification.name = Java Virtual Machine Specification
	java.vm.specification.vendor = Oracle Corporation
	java.vm.specification.version = 1.8
	java.vm.vendor = Oracle Corporation
	java.vm.version = 25.252-b09
	javax.management.builder.initial = org.jboss.as.jmx.PluggableMBeanServerBuilder
	jboss.home.dir = /home/ochaloup/jboss/wildfly/dist/target/wildfly-21.0.0.Final-SNAPSHOT
	jboss.host.name = ochaloup
	jboss.modules.dir = /home/ochaloup/jboss/wildfly/dist/target/wildfly-21.0.0.Final-SNAPSHOT/modules
	jboss.modules.system.pkgs = org.jboss.byteman
	jboss.node.name = ochaloup
	jboss.qualified.host.name = ochaloup
	jboss.server.base.dir = /home/ochaloup/jboss/wildfly/dist/target/wildfly-21.0.0.Final-SNAPSHOT/standalone
	jboss.server.config.dir = /home/ochaloup/jboss/wildfly/dist/target/wildfly-21.0.0.Final-SNAPSHOT/standalone/configuration
	jboss.server.data.dir = /home/ochaloup/jboss/wildfly/dist/target/wildfly-21.0.0.Final-SNAPSHOT/standalone/data
	jboss.server.deploy.dir = /home/ochaloup/jboss/wildfly/dist/target/wildfly-21.0.0.Final-SNAPSHOT/standalone/data/content
	jboss.server.log.dir = /home/ochaloup/jboss/wildfly/dist/target/wildfly-21.0.0.Final-SNAPSHOT/standalone/log
	jboss.server.name = ochaloup
	jboss.server.persist.config = true
	jboss.server.temp.dir = /home/ochaloup/jboss/wildfly/dist/target/wildfly-21.0.0.Final-SNAPSHOT/standalone/tmp
	line.separator = 

	logging.configuration = file:/home/ochaloup/jboss/wildfly/dist/target/wildfly-21.0.0.Final-SNAPSHOT/standalone/configuration/logging.properties
	module.path = /home/ochaloup/jboss/wildfly/dist/target/wildfly-21.0.0.Final-SNAPSHOT/modules
	org.jboss.boot.log.file = /home/ochaloup/jboss/wildfly/dist/target/wildfly-21.0.0.Final-SNAPSHOT/standalone/log/server.log
	org.jboss.resolver.warning = true
	os.arch = amd64
	os.name = Linux
	os.version = 5.6.13-100.fc30.x86_64
	path.separator = :
	sun.arch.data.model = 64
	sun.boot.class.path = /usr/lib/jvm/java-1.8.0-openjdk-1.8.0.252.b09-0.fc30.x86_64/jre/lib/resources.jar:/usr/lib/jvm/java-1.8.0-openjdk-1.8.0.252.b09-0.fc30.x86_64/jre/lib/rt.jar:/usr/lib/jvm/java-1.8.0-openjdk-1.8.0.252.b09-0.fc30.x86_64/jre/lib/sunrsasign.jar:/usr/lib/jvm/java-1.8.0-openjdk-1.8.0.252.b09-0.fc30.x86_64/jre/lib/jsse.jar:/usr/lib/jvm/java-1.8.0-openjdk-1.8.0.252.b09-0.fc30.x86_64/jre/lib/jce.jar:/usr/lib/jvm/java-1.8.0-openjdk-1.8.0.252.b09-0.fc30.x86_64/jre/lib/charsets.jar:/usr/lib/jvm/java-1.8.0-openjdk-1.8.0.252.b09-0.fc30.x86_64/jre/lib/jfr.jar:/usr/lib/jvm/java-1.8.0-openjdk-1.8.0.252.b09-0.fc30.x86_64/jre/classes
	sun.boot.library.path = /usr/lib/jvm/java-1.8.0-openjdk-1.8.0.252.b09-0.fc30.x86_64/jre/lib/amd64
	sun.cpu.endian = little
	sun.cpu.isalist = 
	sun.io.unicode.encoding = UnicodeLittle
	sun.java.command = /home/ochaloup/jboss/wildfly/dist/target/wildfly-21.0.0.Final-SNAPSHOT/jboss-modules.jar -mp /home/ochaloup/jboss/wildfly/dist/target/wildfly-21.0.0.Final-SNAPSHOT/modules org.jboss.as.standalone -Djboss.home.dir=/home/ochaloup/jboss/wildfly/dist/target/wildfly-21.0.0.Final-SNAPSHOT -Djboss.server.base.dir=/home/ochaloup/jboss/wildfly/dist/target/wildfly-21.0.0.Final-SNAPSHOT/standalone
	sun.java.launcher = SUN_STANDARD
	sun.jnu.encoding = UTF-8
	sun.management.compiler = HotSpot 64-Bit Tiered Compilers
	sun.os.patch.level = unknown
	user.country = US
	user.dir = /home/ochaloup/jboss/wildfly/dist/target/wildfly-21.0.0.Final-SNAPSHOT
	user.home = /home/ochaloup
	user.language = en
	user.name = ochaloup
	user.timezone = Europe/Prague
2020-10-02 10:35:36,074 DEBUG [org.jboss.as.config] (MSC service thread 1-2) VM Arguments: -D[Standalone] -Xms64m -Xmx512m -XX:MetaspaceSize=96M -XX:MaxMetaspaceSize=256m -Djava.net.preferIPv4Stack=true -Djboss.modules.system.pkgs=org.jboss.byteman -Djava.awt.headless=true -Dorg.jboss.boot.log.file=/home/ochaloup/jboss/wildfly/dist/target/wildfly-21.0.0.Final-SNAPSHOT/standalone/log/server.log -Dlogging.configuration=file:/home/ochaloup/jboss/wildfly/dist/target/wildfly-21.0.0.Final-SNAPSHOT/standalone/configuration/logging.properties 
2020-10-02 10:35:36,660 INFO  [org.wildfly.security] (ServerService Thread Pool -- 21) ELY00001: WildFly Elytron version 1.13.0.Final
2020-10-02 10:35:37,060 INFO  [org.jboss.as.controller.management-deprecated] (Controller Boot Thread) WFLYCTL0028: Attribute 'security-realm' in the resource at address '/core-service=management/management-interface=http-interface' is deprecated, and may be removed in a future version. See the attribute description in the output of the read-resource-description operation to learn more about the deprecation.
2020-10-02 10:35:37,089 INFO  [org.jboss.as.controller.management-deprecated] (ServerService Thread Pool -- 37) WFLYCTL0028: Attribute 'security-realm' in the resource at address '/subsystem=undertow/server=default-server/https-listener=https' is deprecated, and may be removed in a future version. See the attribute description in the output of the read-resource-description operation to learn more about the deprecation.
2020-10-02 10:35:37,110 INFO  [org.jboss.as.repository] (ServerService Thread Pool -- 16) WFLYDR0001: Content added at location /home/ochaloup/jboss/wildfly/dist/target/wildfly-21.0.0.Final-SNAPSHOT/standalone/data/content/56/313f0e1044cb1b6981ae24b94570646ccbcd15/content
2020-10-02 10:35:37,145 INFO  [org.jboss.as.server] (Controller Boot Thread) WFLYSRV0039: Creating http management service using socket-binding (management-http)
2020-10-02 10:35:37,157 INFO  [org.xnio] (MSC service thread 1-4) XNIO version 3.8.2.Final
2020-10-02 10:35:37,161 INFO  [org.xnio.nio] (MSC service thread 1-4) XNIO NIO Implementation Version 3.8.2.Final
2020-10-02 10:35:37,195 INFO  [org.jboss.as.clustering.infinispan] (ServerService Thread Pool -- 52) WFLYCLINF0001: Activating Infinispan subsystem.
2020-10-02 10:35:37,200 INFO  [org.jboss.as.jaxrs] (ServerService Thread Pool -- 54) WFLYRS0016: RESTEasy version 3.13.1.Final
2020-10-02 10:35:37,211 INFO  [org.wildfly.extension.io] (ServerService Thread Pool -- 53) WFLYIO001: Worker 'default' has auto-configured to 16 IO threads with 128 max task threads based on your 8 available processors
2020-10-02 10:35:37,214 INFO  [org.jboss.as.connector] (MSC service thread 1-8) WFLYJCA0009: Starting JCA Subsystem (WildFly/IronJacamar 1.4.23.Final)
2020-10-02 10:35:37,227 INFO  [org.wildfly.extension.microprofile.jwt.smallrye._private] (ServerService Thread Pool -- 63) WFLYJWT0001: Activating WildFly MicroProfile JWT Subsystem
2020-10-02 10:35:37,228 INFO  [org.wildfly.extension.microprofile.config.smallrye._private] (ServerService Thread Pool -- 61) WFLYCONF0001: Activating WildFly MicroProfile Config Subsystem
2020-10-02 10:35:37,231 INFO  [org.jboss.as.connector.subsystems.datasources] (ServerService Thread Pool -- 44) WFLYJCA0004: Deploying JDBC-compliant driver class org.h2.Driver (version 1.4)
2020-10-02 10:35:37,232 INFO  [org.wildfly.extension.microprofile.health.smallrye] (ServerService Thread Pool -- 62) WFLYHEALTH0001: Activating Eclipse MicroProfile Health Subsystem
2020-10-02 10:35:37,253 INFO  [org.wildfly.extension.microprofile.metrics.smallrye] (ServerService Thread Pool -- 64) WFLYMETRICS0001: Activating Eclipse MicroProfile Metrics Subsystem
2020-10-02 10:35:37,236 INFO  [org.wildfly.extension.microprofile.opentracing] (ServerService Thread Pool -- 65) WFLYTRACEXT0001: Activating MicroProfile OpenTracing Subsystem
2020-10-02 10:35:37,233 INFO  [org.jboss.as.jsf] (ServerService Thread Pool -- 59) WFLYJSF0007: Activated the following JSF Implementations: [main]
2020-10-02 10:35:37,257 INFO  [org.jboss.as.connector.deployers.jdbc] (MSC service thread 1-1) WFLYJCA0018: Started Driver service with driver-name = h2
2020-10-02 10:35:37,260 INFO  [org.jboss.as.naming] (ServerService Thread Pool -- 66) WFLYNAM0001: Activating Naming Subsystem
2020-10-02 10:35:37,266 INFO  [org.jboss.remoting] (MSC service thread 1-5) JBoss Remoting version 5.0.18.Final
2020-10-02 10:35:37,279 INFO  [org.jboss.as.security] (ServerService Thread Pool -- 72) WFLYSEC0002: Activating Security Subsystem
2020-10-02 10:35:37,281 INFO  [org.jboss.as.naming] (MSC service thread 1-7) WFLYNAM0003: Starting Naming Service
2020-10-02 10:35:37,282 INFO  [org.jboss.as.mail.extension] (MSC service thread 1-7) WFLYMAIL0001: Bound mail session [java:jboss/mail/Default]
2020-10-02 10:35:37,282 INFO  [org.jboss.as.security] (MSC service thread 1-7) WFLYSEC0001: Current PicketBox version=5.0.3.Final-redhat-00006
2020-10-02 10:35:37,283 WARN  [org.jboss.as.txn] (ServerService Thread Pool -- 74) WFLYTX0013: The node-identifier attribute on the /subsystem=transactions is set to the default value. This is a danger for environments running multiple servers. Please make sure the attribute value is unique.
2020-10-02 10:35:37,302 INFO  [org.jboss.as.webservices] (ServerService Thread Pool -- 76) WFLYWS0002: Activating WebServices Extension
2020-10-02 10:35:37,318 INFO  [org.wildfly.extension.undertow] (MSC service thread 1-5) WFLYUT0003: Undertow 2.2.0.Final starting
2020-10-02 10:35:37,427 INFO  [org.jboss.as.ejb3] (MSC service thread 1-8) WFLYEJB0481: Strict pool slsb-strict-max-pool is using a max instance size of 128 (per class), which is derived from thread worker pool sizing.
2020-10-02 10:35:37,427 INFO  [org.jboss.as.ejb3] (MSC service thread 1-3) WFLYEJB0482: Strict pool mdb-strict-max-pool is using a max instance size of 32 (per class), which is derived from the number of CPUs on this host.
2020-10-02 10:35:37,457 INFO  [org.wildfly.extension.undertow] (ServerService Thread Pool -- 75) WFLYUT0014: Creating file handler for path '/home/ochaloup/jboss/wildfly/dist/target/wildfly-21.0.0.Final-SNAPSHOT/welcome-content' with options [directory-listing: 'false', follow-symlink: 'false', case-sensitive: 'true', safe-symlink-paths: '[]']
2020-10-02 10:35:37,503 INFO  [org.wildfly.extension.undertow] (MSC service thread 1-1) WFLYUT0012: Started server default-server.
2020-10-02 10:35:37,508 INFO  [org.wildfly.extension.undertow] (MSC service thread 1-8) WFLYUT0018: Host default-host starting
2020-10-02 10:35:37,569 INFO  [org.wildfly.extension.undertow] (MSC service thread 1-3) WFLYUT0006: Undertow HTTP listener default listening on 127.0.0.1:8080
2020-10-02 10:35:37,633 INFO  [org.jboss.as.ejb3] (MSC service thread 1-5) WFLYEJB0493: EJB subsystem suspension complete
2020-10-02 10:35:37,685 INFO  [org.jboss.as.connector.subsystems.datasources] (MSC service thread 1-5) WFLYJCA0001: Bound data source [java:jboss/datasources/ExampleDS]
2020-10-02 10:35:37,690 INFO  [org.jboss.as.patching] (MSC service thread 1-2) WFLYPAT0050: WildFly Full cumulative patch ID is: base, one-off patches include: none
2020-10-02 10:35:37,697 INFO  [org.jboss.as.connector.subsystems.datasources] (MSC service thread 1-4) WFLYJCA0001: Bound data source [java:jboss/datasources/ExampleXADS]
2020-10-02 10:35:37,705 INFO  [org.jboss.as.connector.subsystems.datasources] (MSC service thread 1-6) WFLYJCA0001: Bound data source [java:jboss/datasources/ExampleXADS2]
2020-10-02 10:35:37,726 WARN  [org.jboss.as.domain.management.security] (MSC service thread 1-4) WFLYDM0111: Keystore /home/ochaloup/jboss/wildfly/dist/target/wildfly-21.0.0.Final-SNAPSHOT/standalone/configuration/application.keystore not found, it will be auto generated on first use with a self signed certificate for host localhost
2020-10-02 10:35:37,763 INFO  [org.jboss.as.server.deployment.scanner] (MSC service thread 1-3) WFLYDS0013: Started FileSystemDeploymentService for directory /home/ochaloup/jboss/wildfly/dist/target/wildfly-21.0.0.Final-SNAPSHOT/standalone/deployments
2020-10-02 10:35:37,769 INFO  [org.jboss.as.server.deployment] (MSC service thread 1-4) WFLYSRV0027: Starting deployment of "jboss.eap-1.0-SNAPSHOT.war" (runtime-name: "jboss.eap-1.0-SNAPSHOT.war")
2020-10-02 10:35:37,827 INFO  [org.wildfly.extension.undertow] (MSC service thread 1-7) WFLYUT0006: Undertow HTTPS listener https listening on 127.0.0.1:8443
2020-10-02 10:35:38,228 INFO  [org.jboss.ws.common.management] (MSC service thread 1-5) JBWS022052: Starting JBossWS 5.4.2.Final (Apache CXF 3.3.7) 
2020-10-02 10:35:38,735 INFO  [org.jboss.weld.deployer] (MSC service thread 1-7) WFLYWELD0003: Processing weld deployment jboss.eap-1.0-SNAPSHOT.war
2020-10-02 10:35:38,814 INFO  [org.hibernate.validator.internal.util.Version] (MSC service thread 1-7) HV000001: Hibernate Validator 6.0.20.Final
2020-10-02 10:35:38,965 INFO  [org.jboss.as.ejb3.deployment] (MSC service thread 1-7) WFLYEJB0473: JNDI bindings for session bean named 'SessionBean' in deployment unit 'deployment "jboss.eap-1.0-SNAPSHOT.war"' are as follows:

	java:global/jboss-eap-test/SessionBean!support.jboss.ejb.session.ISession
	java:app/jboss-eap-test/SessionBean!support.jboss.ejb.session.ISession
	java:module/SessionBean!support.jboss.ejb.session.ISession
	java:global/jboss-eap-test/SessionBean!support.jboss.ejb.session.remote.ISession
	java:app/jboss-eap-test/SessionBean!support.jboss.ejb.session.remote.ISession
	java:module/SessionBean!support.jboss.ejb.session.remote.ISession
	java:jboss/exported/jboss-eap-test/SessionBean!support.jboss.ejb.session.remote.ISession
	ejb:/jboss-eap-test/SessionBean!support.jboss.ejb.session.remote.ISession

2020-10-02 10:35:39,083 INFO  [io.jaegertracing.internal.JaegerTracer] (MSC service thread 1-7) No shutdown hook registered: Please call close() manually on application shutdown.
2020-10-02 10:35:39,216 INFO  [org.jboss.weld.Version] (MSC service thread 1-4) WELD-000900: 3.1.5 (Final)
2020-10-02 10:35:39,450 INFO  [org.infinispan.CONTAINER] (ServerService Thread Pool -- 78) ISPN000128: Infinispan version: Infinispan 'Corona Extra' 11.0.3.Final
2020-10-02 10:35:39,498 INFO  [org.infinispan.CONFIG] (MSC service thread 1-3) ISPN000152: Passivation configured without an eviction policy being selected. Only manually evicted entities will be passivated.
2020-10-02 10:35:39,499 INFO  [org.infinispan.CONFIG] (MSC service thread 1-3) ISPN000152: Passivation configured without an eviction policy being selected. Only manually evicted entities will be passivated.
2020-10-02 10:35:39,577 INFO  [org.infinispan.PERSISTENCE] (ServerService Thread Pool -- 78) ISPN000556: Starting user marshaller 'org.wildfly.clustering.infinispan.spi.marshalling.InfinispanProtoStreamMarshaller'
2020-10-02 10:35:39,722 INFO  [org.jboss.as.clustering.infinispan] (ServerService Thread Pool -- 78) WFLYCLINF0002: Started http-remoting-connector cache from ejb container
2020-10-02 10:35:39,820 INFO  [io.smallrye.metrics] (MSC service thread 1-8) MicroProfile: Metrics activated (SmallRye Metrics version: 2.4.2)
2020-10-02 10:35:40,283 INFO  [org.wildfly.extension.undertow] (ServerService Thread Pool -- 78) WFLYUT0021: Registered web context: '/jboss-eap-test' for server 'default-server'
2020-10-02 10:35:40,370 INFO  [org.jboss.as.server] (ServerService Thread Pool -- 45) WFLYSRV0010: Deployed "jboss.eap-1.0-SNAPSHOT.war" (runtime-name : "jboss.eap-1.0-SNAPSHOT.war")
2020-10-02 10:35:40,401 INFO  [org.jboss.as.server] (Controller Boot Thread) WFLYSRV0212: Resuming server
2020-10-02 10:35:40,402 INFO  [com.arjuna.ats.jbossatx] (Controller Boot Thread) ARJUNA032035: Resuming transaction recovery manager
2020-10-02 10:35:40,403 INFO  [org.jboss.as] (Controller Boot Thread) WFLYSRV0025: WildFly Full 21.0.0.Final-SNAPSHOT (WildFly Core 13.0.0.Beta6) started in 5099ms - Started 483 of 705 services (377 services are lazy, passive or on-demand)
2020-10-02 10:35:40,405 INFO  [org.jboss.as] (Controller Boot Thread) WFLYSRV0060: Http management interface listening on http://127.0.0.1:9990/management
2020-10-02 10:35:40,405 INFO  [org.jboss.as] (Controller Boot Thread) WFLYSRV0051: Admin console listening on http://127.0.0.1:9990
2020-10-02 10:35:47,602 DEBUG [com.arjuna.ats.arjuna] (Periodic Recovery) Periodic recovery second pass at Fri, 2 Oct 2020 10:35:47
2020-10-02 10:35:47,603 TRACE [com.arjuna.ats.arjuna] (Periodic Recovery) CommitMarkableResourceRecordRecoveryModule second pass
2020-10-02 10:35:47,603 TRACE [com.arjuna.ats.arjuna] (Periodic Recovery) InputObjectState::InputObjectState()
2020-10-02 10:35:47,603 TRACE [com.arjuna.ats.arjuna] (Periodic Recovery) FileSystemStore.allObjUids(/StateManager/BasicAction/TwoPhaseCoordinator/AtomicAction, InputObjectState Uid   : 0:0:0:0:0
InputObjectState Type  : null
InputObjectState Size  : 0
InputObjectState Buffer: , -1)
2020-10-02 10:35:47,603 TRACE [com.arjuna.ats.arjuna] (Periodic Recovery) OutputObjectState::OutputObjectState()
2020-10-02 10:35:47,603 TRACE [com.arjuna.ats.arjuna] (Periodic Recovery) FileSystemStore.allObjUids(/StateManager/BasicAction/TwoPhaseCoordinator/AtomicActionConnectable, InputObjectState Uid   : 0:0:0:0:0
InputObjectState Type  : null
InputObjectState Size  : 40
InputObjectState Buffer: , -1)
2020-10-02 10:35:47,603 TRACE [com.arjuna.ats.arjuna] (Periodic Recovery) OutputObjectState::OutputObjectState()
2020-10-02 10:35:47,603 DEBUG [com.arjuna.ats.arjuna] (Periodic Recovery) Recovery module 'com.arjuna.ats.internal.jta.recovery.arjunacore.CommitMarkableResourceRecordRecoveryModule@3ed72659' second pass processed
2020-10-02 10:35:47,603 DEBUG [com.arjuna.ats.arjuna] (Periodic Recovery) AtomicActionRecoveryModule second pass
2020-10-02 10:35:47,603 DEBUG [com.arjuna.ats.arjuna] (Periodic Recovery) Recovery module 'com.arjuna.ats.internal.arjuna.recovery.AtomicActionRecoveryModule@18015536' second pass processed
2020-10-02 10:35:47,603 DEBUG [com.arjuna.ats.txoj] (Periodic Recovery) TORecoveryModule - second pass
2020-10-02 10:35:47,603 DEBUG [com.arjuna.ats.arjuna] (Periodic Recovery) Recovery module 'com.arjuna.ats.internal.txoj.recovery.TORecoveryModule@2a714602' second pass processed
2020-10-02 10:35:47,604 DEBUG [com.arjuna.ats.arjuna] (Periodic Recovery) Recovery module 'com.arjuna.ats.internal.jta.recovery.arjunacore.SubordinateAtomicActionRecoveryModule@1bb11082' second pass processed
2020-10-02 10:35:47,604 DEBUG [com.arjuna.ats.jta] (Periodic Recovery) XARecoveryModule state change BETWEEN_PASSES->SECOND_PASS

2020-10-02 10:35:47,604 DEBUG [com.arjuna.ats.jta] (Periodic Recovery) Local XARecoveryModule - second pass
2020-10-02 10:35:47,604 DEBUG [com.arjuna.ats.jta] (Periodic Recovery) Local XARecoveryModule.transactionInitiatedRecovery completed
2020-10-02 10:35:47,604 DEBUG [com.arjuna.ats.jta] (Periodic Recovery) Local XARecoveryModule.resourceInitiatedRecovery completed
2020-10-02 10:35:47,604 DEBUG [com.arjuna.ats.jta] (Periodic Recovery) XARecoveryModule state change SECOND_PASS->IDLE

2020-10-02 10:35:47,604 DEBUG [com.arjuna.ats.arjuna] (Periodic Recovery) Recovery module 'com.arjuna.ats.internal.jta.recovery.arjunacore.XARecoveryModule@1cd31843' second pass processed
2020-10-02 10:35:47,604 DEBUG [com.arjuna.ats.arjuna] (Periodic Recovery) PeriodicRecovery: background thread Status <== INACTIVE
2020-10-02 10:35:47,604 DEBUG [com.arjuna.ats.arjuna] (Periodic Recovery) PeriodicRecovery: background thread backing off
2020-10-02 10:36:03,596 INFO  [org.wildfly.naming] (default task-1) WildFly Naming version 1.0.13.Final
2020-10-02 10:36:03,605 INFO  [org.jboss.ejb.client] (default task-2) JBoss EJB Client version 4.0.35.Final
2020-10-02 10:36:03,821 TRACE [com.arjuna.ats.jta] (default task-2) TransactionImpleManager.suspend
2020-10-02 10:36:03,821 TRACE [com.arjuna.ats.jta] (default task-2) BaseTransaction.begin
2020-10-02 10:36:03,821 TRACE [com.arjuna.ats.arjuna] (default task-2) StateManager::StateManager( 2, 0 )
2020-10-02 10:36:03,821 TRACE [com.arjuna.ats.arjuna] (default task-2) BasicAction::BasicAction()
2020-10-02 10:36:03,822 TRACE [com.arjuna.ats.arjuna] (default task-2) BasicAction::Begin() for action-id 0:ffff0a2804a2:393569ae:5f76e659:10
2020-10-02 10:36:03,822 TRACE [com.arjuna.ats.arjuna] (default task-2) BasicAction::actionInitialise() for action-id 0:ffff0a2804a2:393569ae:5f76e659:10
2020-10-02 10:36:03,822 TRACE [com.arjuna.ats.arjuna] (default task-2) ActionHierarchy::ActionHierarchy(1)
2020-10-02 10:36:03,822 TRACE [com.arjuna.ats.arjuna] (default task-2) ActionHierarchy::add(0:ffff0a2804a2:393569ae:5f76e659:10, 1)
2020-10-02 10:36:03,823 TRACE [com.arjuna.ats.arjuna] (default task-2) BasicAction::addChildThread () action 0:ffff0a2804a2:393569ae:5f76e659:10 adding Thread[default task-2,5,main]
2020-10-02 10:36:03,823 TRACE [com.arjuna.ats.arjuna] (default task-2) BasicAction::addChildThread () action 0:ffff0a2804a2:393569ae:5f76e659:10 adding Thread[default task-2,5,main] result = true
2020-10-02 10:36:03,823 TRACE [com.arjuna.ats.arjuna] (default task-2) TransactionReaper::insert ( BasicAction: 0:ffff0a2804a2:393569ae:5f76e659:10 status: ActionStatus.RUNNING, 300 )
2020-10-02 10:36:03,824 TRACE [com.arjuna.ats.arjuna] (default task-2) ReaperElement::ReaperElement ( BasicAction: 0:ffff0a2804a2:393569ae:5f76e659:10 status: ActionStatus.RUNNING, 300 )
2020-10-02 10:36:03,824 TRACE [com.arjuna.ats.arjuna] (Transaction Reaper) ReaperThread.run ()
2020-10-02 10:36:03,824 TRACE [com.arjuna.ats.arjuna] (Transaction Reaper) TransactionReaper::check ()
2020-10-02 10:36:03,824 TRACE [com.arjuna.ats.arjuna] (Transaction Reaper) TransactionReaper::check - comparing 1601628063824
2020-10-02 10:36:03,824 TRACE [com.arjuna.ats.arjuna] (Transaction Reaper) Thread Thread[Transaction Reaper,5,main] sleeping for 300000
2020-10-02 10:36:03,824 TRACE [com.arjuna.ats.jta] (default task-2) TransactionImple.getStatus: javax.transaction.Status.STATUS_ACTIVE
2020-10-02 10:36:03,825 TRACE [com.arjuna.ats.jta] (default task-2) TransactionImpleManager.suspend
2020-10-02 10:36:03,825 TRACE [com.arjuna.ats.arjuna] (default task-2) BasicAction::removeChildThread () action 0:ffff0a2804a2:393569ae:5f76e659:10 removing 1
2020-10-02 10:36:03,825 TRACE [com.arjuna.ats.arjuna] (default task-2) BasicAction::removeChildThread () action 0:ffff0a2804a2:393569ae:5f76e659:10 removing 1 result = true
2020-10-02 10:36:03,840 TRACE [com.arjuna.ats.jta] (default task-2) TransactionImple.getStatus: javax.transaction.Status.STATUS_ACTIVE
2020-10-02 10:36:03,841 TRACE [com.arjuna.ats.jta] (default task-2) TransactionImple.registerSynchronization - Class: class org.wildfly.transaction.client.AbstractTransaction$AssociatingSynchronization HashCode: 126327184 toString: org.wildfly.transaction.client.AbstractTransaction$AssociatingSynchronization@7879990
2020-10-02 10:36:03,842 TRACE [com.arjuna.ats.jta] (default task-2) TransactionImpleManager.resume
2020-10-02 10:36:03,842 TRACE [com.arjuna.ats.arjuna] (default task-2) BasicAction::addChildThread () action 0:ffff0a2804a2:393569ae:5f76e659:10 adding Thread[default task-2,5,main]
2020-10-02 10:36:03,842 TRACE [com.arjuna.ats.arjuna] (default task-2) BasicAction::addChildThread () action 0:ffff0a2804a2:393569ae:5f76e659:10 adding Thread[default task-2,5,main] result = true
2020-10-02 10:36:03,842 TRACE [com.arjuna.ats.jta] (default task-2) TransactionImple.equals
2020-10-02 10:36:03,842 TRACE [com.arjuna.ats.jta] (default task-2) TransactionImple.equals
2020-10-02 10:36:03,843 TRACE [com.arjuna.ats.jta] (default task-2) TransactionImple.equals
2020-10-02 10:36:03,843 TRACE [com.arjuna.ats.jta] (default task-2) TransactionImple.equals
2020-10-02 10:36:03,843 TRACE [com.arjuna.ats.jta] (default task-2) TransactionImple.getStatus: javax.transaction.Status.STATUS_ACTIVE
2020-10-02 10:36:03,843 TRACE [com.arjuna.ats.jta] (default task-2) TransactionImpleManager.suspend
2020-10-02 10:36:03,843 TRACE [com.arjuna.ats.arjuna] (default task-2) BasicAction::removeChildThread () action 0:ffff0a2804a2:393569ae:5f76e659:10 removing 1
2020-10-02 10:36:03,843 TRACE [com.arjuna.ats.arjuna] (default task-2) BasicAction::removeChildThread () action 0:ffff0a2804a2:393569ae:5f76e659:10 removing 1 result = true
2020-10-02 10:36:03,843 TRACE [com.arjuna.ats.jta] (default task-2) TransactionImple.equals
2020-10-02 10:36:03,843 TRACE [com.arjuna.ats.jta] (default task-2) TransactionImpleManager.suspend
2020-10-02 10:36:03,843 TRACE [com.arjuna.ats.jta] (default task-2) BaseTransaction.begin
2020-10-02 10:36:03,843 TRACE [com.arjuna.ats.arjuna] (default task-2) StateManager::StateManager( 2, 0 )
2020-10-02 10:36:03,843 TRACE [com.arjuna.ats.arjuna] (default task-2) BasicAction::BasicAction()
2020-10-02 10:36:03,843 TRACE [com.arjuna.ats.arjuna] (default task-2) BasicAction::Begin() for action-id 0:ffff0a2804a2:393569ae:5f76e659:13
2020-10-02 10:36:03,843 TRACE [com.arjuna.ats.arjuna] (default task-2) BasicAction::actionInitialise() for action-id 0:ffff0a2804a2:393569ae:5f76e659:13
2020-10-02 10:36:03,843 TRACE [com.arjuna.ats.arjuna] (default task-2) ActionHierarchy::ActionHierarchy(1)
2020-10-02 10:36:03,843 TRACE [com.arjuna.ats.arjuna] (default task-2) ActionHierarchy::add(0:ffff0a2804a2:393569ae:5f76e659:13, 1)
2020-10-02 10:36:03,843 TRACE [com.arjuna.ats.arjuna] (default task-2) BasicAction::addChildThread () action 0:ffff0a2804a2:393569ae:5f76e659:13 adding Thread[default task-2,5,main]
2020-10-02 10:36:03,843 TRACE [com.arjuna.ats.arjuna] (default task-2) BasicAction::addChildThread () action 0:ffff0a2804a2:393569ae:5f76e659:13 adding Thread[default task-2,5,main] result = true
2020-10-02 10:36:03,843 TRACE [com.arjuna.ats.arjuna] (default task-2) TransactionReaper::insert ( BasicAction: 0:ffff0a2804a2:393569ae:5f76e659:13 status: ActionStatus.RUNNING, 300 )
2020-10-02 10:36:03,843 TRACE [com.arjuna.ats.arjuna] (default task-2) ReaperElement::ReaperElement ( BasicAction: 0:ffff0a2804a2:393569ae:5f76e659:13 status: ActionStatus.RUNNING, 300 )
2020-10-02 10:36:03,843 TRACE [com.arjuna.ats.jta] (default task-2) TransactionImple.getStatus: javax.transaction.Status.STATUS_ACTIVE
2020-10-02 10:36:03,843 TRACE [com.arjuna.ats.jta] (default task-2) TransactionImpleManager.suspend
2020-10-02 10:36:03,843 TRACE [com.arjuna.ats.arjuna] (default task-2) BasicAction::removeChildThread () action 0:ffff0a2804a2:393569ae:5f76e659:13 removing 1
2020-10-02 10:36:03,843 TRACE [com.arjuna.ats.arjuna] (default task-2) BasicAction::removeChildThread () action 0:ffff0a2804a2:393569ae:5f76e659:13 removing 1 result = true
2020-10-02 10:36:03,844 TRACE [com.arjuna.ats.jta] (default task-2) TransactionImple.getStatus: javax.transaction.Status.STATUS_ACTIVE
2020-10-02 10:36:03,844 TRACE [com.arjuna.ats.jta] (default task-2) TransactionImple.registerSynchronization - Class: class org.wildfly.transaction.client.AbstractTransaction$AssociatingSynchronization HashCode: 1513703683 toString: org.wildfly.transaction.client.AbstractTransaction$AssociatingSynchronization@5a394903
2020-10-02 10:36:03,844 TRACE [com.arjuna.ats.jta] (default task-2) TransactionImpleManager.resume
2020-10-02 10:36:03,844 TRACE [com.arjuna.ats.arjuna] (default task-2) BasicAction::addChildThread () action 0:ffff0a2804a2:393569ae:5f76e659:13 adding Thread[default task-2,5,main]
2020-10-02 10:36:03,844 TRACE [com.arjuna.ats.arjuna] (default task-2) BasicAction::addChildThread () action 0:ffff0a2804a2:393569ae:5f76e659:13 adding Thread[default task-2,5,main] result = true
2020-10-02 10:36:03,844 TRACE [com.arjuna.ats.jta] (default task-2) TransactionImple.equals
2020-10-02 10:36:03,844 TRACE [com.arjuna.ats.jta] (default task-2) TransactionImple.equals
2020-10-02 10:36:03,846 TRACE [com.arjuna.ats.jta] (default task-2) TransactionImple.getStatus: javax.transaction.Status.STATUS_ACTIVE
2020-10-02 10:36:03,846 TRACE [com.arjuna.ats.jta] (default task-2) TransactionImple.equals
2020-10-02 10:36:03,846 TRACE [com.arjuna.ats.jta] (default task-2) TransactionImple.getStatus: javax.transaction.Status.STATUS_ACTIVE
2020-10-02 10:36:03,846 TRACE [com.arjuna.ats.jta] (default task-2) BaseTransaction.commit
2020-10-02 10:36:03,846 TRACE [com.arjuna.ats.jta] (default task-2) TransactionImple.commitAndDisassociate
2020-10-02 10:36:03,846 TRACE [com.arjuna.ats.jta] (default task-2) SynchronizationImple.beforeCompletion - Class: class org.wildfly.transaction.client.AbstractTransaction$AssociatingSynchronization HashCode: 1513703683 toString: org.wildfly.transaction.client.AbstractTransaction$AssociatingSynchronization@5a394903
2020-10-02 10:36:03,846 TRACE [com.arjuna.ats.jta] (default task-2) TransactionImple.equals
2020-10-02 10:36:03,847 TRACE [com.arjuna.ats.jta] (default task-2) SynchronizationImple.beforeCompletion - Class: class org.wildfly.transaction.client.provider.jboss.JBossLocalTransactionProvider$1 HashCode: 1631255615 toString: org.wildfly.transaction.client.provider.jboss.JBossLocalTransactionProvider$1@613afc3f
2020-10-02 10:36:03,847 TRACE [com.arjuna.ats.arjuna] (default task-2) BasicAction::End() for action-id 0:ffff0a2804a2:393569ae:5f76e659:13
2020-10-02 10:36:03,847 TRACE [com.arjuna.ats.arjuna] (default task-2) BasicAction::End() result for action-id (0:ffff0a2804a2:393569ae:5f76e659:13) is (TwoPhaseOutcome.PREPARE_OK) node id: (1)
2020-10-02 10:36:03,847 TRACE [com.arjuna.ats.jta] (default task-2) SynchronizationImple.afterCompletion - Class: class org.wildfly.transaction.client.provider.jboss.JBossLocalTransactionProvider$1 HashCode: 1631255615 toString: org.wildfly.transaction.client.provider.jboss.JBossLocalTransactionProvider$1@613afc3f
2020-10-02 10:36:03,848 TRACE [com.arjuna.ats.jta] (default task-2) SynchronizationImple.afterCompletion - Class: class org.wildfly.transaction.client.AbstractTransaction$AssociatingSynchronization HashCode: 1513703683 toString: org.wildfly.transaction.client.AbstractTransaction$AssociatingSynchronization@5a394903
2020-10-02 10:36:03,848 TRACE [com.arjuna.ats.jta] (default task-2) TransactionImple.equals
2020-10-02 10:36:03,849 TRACE [com.arjuna.ats.arjuna] (default task-2) BasicAction::removeChildThread () action 0:ffff0a2804a2:393569ae:5f76e659:13 removing 1
2020-10-02 10:36:03,849 TRACE [com.arjuna.ats.arjuna] (default task-2) BasicAction::removeChildThread () action 0:ffff0a2804a2:393569ae:5f76e659:13 removing 1 result = true
2020-10-02 10:36:03,849 TRACE [com.arjuna.ats.arjuna] (default task-2) TransactionReaper::remove ( BasicAction: 0:ffff0a2804a2:393569ae:5f76e659:13 status: ActionStatus.COMMITTED )
2020-10-02 10:36:03,849 TRACE [com.arjuna.ats.jta] (default task-2) TransactionImpleManager.resume
2020-10-02 10:36:03,849 TRACE [com.arjuna.ats.arjuna] (default task-2) BasicAction::addChildThread () action 0:ffff0a2804a2:393569ae:5f76e659:10 adding Thread[default task-2,5,main]
2020-10-02 10:36:03,849 TRACE [com.arjuna.ats.arjuna] (default task-2) BasicAction::addChildThread () action 0:ffff0a2804a2:393569ae:5f76e659:10 adding Thread[default task-2,5,main] result = true
2020-10-02 10:36:03,849 TRACE [com.arjuna.ats.jta] (default task-2) TransactionImple.equals
2020-10-02 10:36:03,850 INFO  [support.jboss.ejb.session.SessionBean] (default task-2) ---> test started.
2020-10-02 10:36:03,850 TRACE [com.arjuna.ats.jta] (default task-2) TransactionImple.equals
2020-10-02 10:36:03,851 TRACE [com.arjuna.ats.jta] (default task-2) TransactionImple.getStatus: javax.transaction.Status.STATUS_ACTIVE
2020-10-02 10:36:03,851 TRACE [com.arjuna.ats.jta] (default task-2) TransactionImple.getStatus: javax.transaction.Status.STATUS_ACTIVE
2020-10-02 10:36:03,851 TRACE [com.arjuna.ats.jta] (default task-2) TransactionImple.equals
2020-10-02 10:36:03,852 TRACE [com.arjuna.ats.jta] (default task-2) TransactionImple.equals
2020-10-02 10:36:03,853 TRACE [com.arjuna.ats.jta] (default task-2) TransactionImple.getStatus: javax.transaction.Status.STATUS_ACTIVE
2020-10-02 10:36:03,854 TRACE [com.arjuna.ats.jta] (default task-2) TransactionImple.enlistResource ( XAResourceWrapperImpl@733b78b2[xaResource=org.jboss.jca.adapters.jdbc.xa.XAManagedConnection@5b0519 pad=false overrideRmValue=null productName=H2 productVersion=1.4.197 (2018-03-18) jndiName=java:jboss/datasources/ExampleXADS] )
2020-10-02 10:36:03,854 TRACE [com.arjuna.ats.jta] (default task-2) TransactionImple.getStatus: javax.transaction.Status.STATUS_ACTIVE
2020-10-02 10:36:03,854 TRACE [com.arjuna.ats.arjuna] (default task-2) InputObjectState::InputObjectState()
2020-10-02 10:36:03,854 TRACE [com.arjuna.ats.arjuna] (default task-2) FileSystemStore.allObjUids(EISNAME, InputObjectState Uid   : 0:0:0:0:0
InputObjectState Type  : null
InputObjectState Size  : 0
InputObjectState Buffer: , -1)
2020-10-02 10:36:03,854 TRACE [com.arjuna.ats.arjuna] (default task-2) OutputObjectState::OutputObjectState()
2020-10-02 10:36:03,854 TRACE [com.arjuna.ats.arjuna] (default task-2) OutputObjectState::OutputObjectState()
2020-10-02 10:36:03,854 TRACE [com.arjuna.ats.arjuna] (default task-2) FileSystemStore.write_committed(0:ffff0a2804a2:393569ae:5f76e659:19, EISNAME)
2020-10-02 10:36:03,854 TRACE [com.arjuna.ats.arjuna] (default task-2) ShadowingStore.write_state(0:ffff0a2804a2:393569ae:5f76e659:19, EISNAME, StateType.OS_ORIGINAL)
2020-10-02 10:36:03,854 TRACE [com.arjuna.ats.arjuna] (default task-2) ShadowingStore.genPathName(0:ffff0a2804a2:393569ae:5f76e659:19, EISNAME, StateType.OS_ORIGINAL)
2020-10-02 10:36:03,854 TRACE [com.arjuna.ats.arjuna] (default task-2) FileSystemStore.genPathName(0:ffff0a2804a2:393569ae:5f76e659:19, EISNAME, 11)
2020-10-02 10:36:03,855 TRACE [com.arjuna.ats.arjuna] (default task-2) FileSystemStore.openAndLock(/home/ochaloup/jboss/wildfly/dist/target/wildfly-21.0.0.Final-SNAPSHOT/standalone/data/tx-object-store/ShadowNoFileLockStore/defaultStore/EISNAME/0_ffff0a2804a2_393569ae_5f76e659_19, FileLock.F_WRLCK, true)
2020-10-02 10:36:03,855 TRACE [com.arjuna.ats.arjuna] (default task-2) FileSystemStore.createHierarchy(/home/ochaloup/jboss/wildfly/dist/target/wildfly-21.0.0.Final-SNAPSHOT/standalone/data/tx-object-store/ShadowNoFileLockStore/defaultStore/EISNAME/0_ffff0a2804a2_393569ae_5f76e659_19)
2020-10-02 10:36:03,862 TRACE [com.arjuna.ats.arjuna] (default task-2) FileSystemStore.closeAndUnlock(/home/ochaloup/jboss/wildfly/dist/target/wildfly-21.0.0.Final-SNAPSHOT/standalone/data/tx-object-store/ShadowNoFileLockStore/defaultStore/EISNAME/0_ffff0a2804a2_393569ae_5f76e659_19, null, java.io.FileOutputStream@34d86828)
2020-10-02 10:36:03,863 TRACE [com.arjuna.ats.arjuna] (default task-2) StateManager::StateManager( 1, 0 )
2020-10-02 10:36:03,863 TRACE [com.arjuna.ats.arjuna] (default task-2) AbstractRecord::AbstractRecord (0:ffff0a2804a2:393569ae:5f76e659:1b, 1)
2020-10-02 10:36:03,863 TRACE [com.arjuna.ats.jta] (default task-2) XAResourceRecord.XAResourceRecord ( < formatId=131077, gtrid_length=29, bqual_length=36, tx_uid=0:ffff0a2804a2:393569ae:5f76e659:10, node_name=1, branch_uid=0:ffff0a2804a2:393569ae:5f76e659:1a, subordinatenodename=null, eis_name=java:jboss/datasources/ExampleXADS >, XAResourceWrapperImpl@733b78b2[xaResource=org.jboss.jca.adapters.jdbc.xa.XAManagedConnection@5b0519 pad=false overrideRmValue=null productName=H2 productVersion=1.4.197 (2018-03-18) jndiName=java:jboss/datasources/ExampleXADS] ), record id=0:ffff0a2804a2:393569ae:5f76e659:1b
2020-10-02 10:36:03,864 TRACE [com.arjuna.ats.arjuna] (default task-2) RecordList::insert(RecordList: empty) : appending /StateManager/AbstractRecord/XAResourceRecord for 0:ffff0a2804a2:393569ae:5f76e659:1b
2020-10-02 10:36:03,869 TRACE [com.arjuna.ats.jta] (default task-2) TransactionImple.equals
2020-10-02 10:36:03,869 TRACE [com.arjuna.ats.jta] (default task-2) TransactionImple.registerSynchronization - Class: class org.wildfly.transaction.client.AbstractTransaction$AssociatingSynchronization HashCode: 1004405180 toString: org.wildfly.transaction.client.AbstractTransaction$AssociatingSynchronization@3bde01bc
2020-10-02 10:36:03,869 INFO  [support.jboss.ejb.session.SessionBean] (default task-2) Connection1: org.jboss.jca.adapters.jdbc.jdk8.WrappedConnectionJDK8@678c8184
2020-10-02 10:36:03,869 TRACE [com.arjuna.ats.jta] (default task-2) TransactionImple.equals
2020-10-02 10:36:03,869 TRACE [com.arjuna.ats.jta] (default task-2) TransactionImple.getStatus: javax.transaction.Status.STATUS_ACTIVE
2020-10-02 10:36:03,869 TRACE [com.arjuna.ats.jta] (default task-2) TransactionImple.getStatus: javax.transaction.Status.STATUS_ACTIVE
2020-10-02 10:36:03,870 TRACE [com.arjuna.ats.jta] (default task-2) TransactionImple.equals
2020-10-02 10:36:03,870 TRACE [com.arjuna.ats.jta] (default task-2) TransactionImple.enlistResource ( XAResourceWrapperImpl@1183aa27[xaResource=org.jboss.jca.adapters.jdbc.xa.XAManagedConnection@516d0ed1 pad=false overrideRmValue=null productName=H2 productVersion=1.4.197 (2018-03-18) jndiName=java:jboss/datasources/ExampleXADS2] )
2020-10-02 10:36:03,870 TRACE [com.arjuna.ats.jta] (default task-2) TransactionImple.getStatus: javax.transaction.Status.STATUS_ACTIVE
2020-10-02 10:36:03,870 TRACE [com.arjuna.ats.arjuna] (default task-2) OutputObjectState::OutputObjectState()
2020-10-02 10:36:03,870 TRACE [com.arjuna.ats.arjuna] (default task-2) FileSystemStore.write_committed(0:ffff0a2804a2:393569ae:5f76e659:1f, EISNAME)
2020-10-02 10:36:03,870 TRACE [com.arjuna.ats.arjuna] (default task-2) ShadowingStore.write_state(0:ffff0a2804a2:393569ae:5f76e659:1f, EISNAME, StateType.OS_ORIGINAL)
2020-10-02 10:36:03,870 TRACE [com.arjuna.ats.arjuna] (default task-2) ShadowingStore.genPathName(0:ffff0a2804a2:393569ae:5f76e659:1f, EISNAME, StateType.OS_ORIGINAL)
2020-10-02 10:36:03,870 TRACE [com.arjuna.ats.arjuna] (default task-2) FileSystemStore.genPathName(0:ffff0a2804a2:393569ae:5f76e659:1f, EISNAME, 11)
2020-10-02 10:36:03,870 TRACE [com.arjuna.ats.arjuna] (default task-2) FileSystemStore.openAndLock(/home/ochaloup/jboss/wildfly/dist/target/wildfly-21.0.0.Final-SNAPSHOT/standalone/data/tx-object-store/ShadowNoFileLockStore/defaultStore/EISNAME/0_ffff0a2804a2_393569ae_5f76e659_1f, FileLock.F_WRLCK, true)
2020-10-02 10:36:03,874 TRACE [com.arjuna.ats.arjuna] (default task-2) FileSystemStore.closeAndUnlock(/home/ochaloup/jboss/wildfly/dist/target/wildfly-21.0.0.Final-SNAPSHOT/standalone/data/tx-object-store/ShadowNoFileLockStore/defaultStore/EISNAME/0_ffff0a2804a2_393569ae_5f76e659_1f, null, java.io.FileOutputStream@ddc2d9)
2020-10-02 10:36:03,875 TRACE [com.arjuna.ats.arjuna] (default task-2) StateManager::StateManager( 1, 0 )
2020-10-02 10:36:03,875 TRACE [com.arjuna.ats.arjuna] (default task-2) AbstractRecord::AbstractRecord (0:ffff0a2804a2:393569ae:5f76e659:21, 1)
2020-10-02 10:36:03,875 TRACE [com.arjuna.ats.jta] (default task-2) XAResourceRecord.XAResourceRecord ( < formatId=131077, gtrid_length=29, bqual_length=36, tx_uid=0:ffff0a2804a2:393569ae:5f76e659:10, node_name=1, branch_uid=0:ffff0a2804a2:393569ae:5f76e659:20, subordinatenodename=null, eis_name=java:jboss/datasources/ExampleXADS2 >, XAResourceWrapperImpl@1183aa27[xaResource=org.jboss.jca.adapters.jdbc.xa.XAManagedConnection@516d0ed1 pad=false overrideRmValue=null productName=H2 productVersion=1.4.197 (2018-03-18) jndiName=java:jboss/datasources/ExampleXADS2] ), record id=0:ffff0a2804a2:393569ae:5f76e659:21
2020-10-02 10:36:03,875 TRACE [com.arjuna.ats.arjuna] (default task-2) RecordList::insert(RecordList: 0:ffff0a2804a2:393569ae:5f76e659:1b) : appending /StateManager/AbstractRecord/XAResourceRecord for 0:ffff0a2804a2:393569ae:5f76e659:21
2020-10-02 10:36:03,875 INFO  [support.jboss.ejb.session.SessionBean] (default task-2) Connection2: org.jboss.jca.adapters.jdbc.jdk8.WrappedConnectionJDK8@4bc5f09f
2020-10-02 10:36:03,876 INFO  [support.jboss.ejb.session.SessionBean] (default task-2) ---> test finished.
2020-10-02 10:36:03,876 TRACE [com.arjuna.ats.jta] (default task-2) TransactionImple.getStatus: javax.transaction.Status.STATUS_ACTIVE
2020-10-02 10:36:03,876 TRACE [com.arjuna.ats.jta] (default task-2) TransactionImple.equals
2020-10-02 10:36:03,876 TRACE [com.arjuna.ats.jta] (default task-2) TransactionImple.getStatus: javax.transaction.Status.STATUS_ACTIVE
2020-10-02 10:36:03,876 TRACE [com.arjuna.ats.jta] (default task-2) BaseTransaction.commit
2020-10-02 10:36:03,876 TRACE [com.arjuna.ats.jta] (default task-2) TransactionImple.commitAndDisassociate
2020-10-02 10:36:03,876 TRACE [com.arjuna.ats.jta] (default task-2) SynchronizationImple.beforeCompletion - Class: class org.wildfly.transaction.client.AbstractTransaction$AssociatingSynchronization HashCode: 126327184 toString: org.wildfly.transaction.client.AbstractTransaction$AssociatingSynchronization@7879990
2020-10-02 10:36:03,876 TRACE [com.arjuna.ats.jta] (default task-2) TransactionImple.equals
2020-10-02 10:36:03,876 TRACE [com.arjuna.ats.jta] (default task-2) SynchronizationImple.beforeCompletion - Class: class org.wildfly.transaction.client.AbstractTransaction$AssociatingSynchronization HashCode: 1004405180 toString: org.wildfly.transaction.client.AbstractTransaction$AssociatingSynchronization@3bde01bc
2020-10-02 10:36:03,876 TRACE [com.arjuna.ats.jta] (default task-2) TransactionImple.equals
2020-10-02 10:36:03,881 TRACE [com.arjuna.ats.jta] (default task-2) TransactionImple.setRollbackOnly
2020-10-02 10:36:03,882 TRACE [com.arjuna.ats.arjuna] (default task-2) BasicAction::preventCommit( BasicAction: 0:ffff0a2804a2:393569ae:5f76e659:10 status: ActionStatus.RUNNING)
2020-10-02 10:36:03,882 TRACE [com.arjuna.ats.jta] (default task-2) SynchronizationImple.beforeCompletion - Class: class org.wildfly.transaction.client.provider.jboss.JBossLocalTransactionProvider$1 HashCode: 428203045 toString: org.wildfly.transaction.client.provider.jboss.JBossLocalTransactionProvider$1@1985dc25
2020-10-02 10:36:03,882 TRACE [com.arjuna.ats.jta] (default task-2) SynchronizationImple.beforeCompletion - Class: class org.wildfly.transaction.client.AbstractTransaction$AssociatingSynchronization HashCode: 689401931 toString: org.wildfly.transaction.client.AbstractTransaction$AssociatingSynchronization@2917704b
2020-10-02 10:36:03,882 TRACE [com.arjuna.ats.jta] (default task-2) TransactionImple.equals
2020-10-02 10:36:03,882 TRACE [com.arjuna.ats.jta] (default task-2) TransactionImple.getStatus: javax.transaction.Status.STATUS_MARKED_ROLLBACK
2020-10-02 10:36:03,882 TRACE [com.arjuna.ats.jta] (default task-2) TransactionImple.getStatus: javax.transaction.Status.STATUS_MARKED_ROLLBACK
2020-10-02 10:36:03,882 TRACE [com.arjuna.ats.jta] (default task-2) TransactionImple.delistResource ( XAResourceWrapperImpl@733b78b2[xaResource=org.jboss.jca.adapters.jdbc.xa.XAManagedConnection@5b0519 pad=false overrideRmValue=null productName=H2 productVersion=1.4.197 (2018-03-18) jndiName=java:jboss/datasources/ExampleXADS], 536870912 )
2020-10-02 10:36:03,882 TRACE [com.arjuna.ats.jta] (default task-2) TransactionImple.getStatus: javax.transaction.Status.STATUS_MARKED_ROLLBACK
2020-10-02 10:36:03,882 TRACE [com.arjuna.ats.jta] (default task-2) TransactionImple.getStatus: javax.transaction.Status.STATUS_MARKED_ROLLBACK
2020-10-02 10:36:03,882 TRACE [com.arjuna.ats.jta] (default task-2) TransactionImple.getStatus: javax.transaction.Status.STATUS_MARKED_ROLLBACK
2020-10-02 10:36:03,882 TRACE [com.arjuna.ats.jta] (default task-2) TransactionImple.delistResource ( XAResourceWrapperImpl@1183aa27[xaResource=org.jboss.jca.adapters.jdbc.xa.XAManagedConnection@516d0ed1 pad=false overrideRmValue=null productName=H2 productVersion=1.4.197 (2018-03-18) jndiName=java:jboss/datasources/ExampleXADS2], 536870912 )
2020-10-02 10:36:03,882 TRACE [com.arjuna.ats.jta] (default task-2) TransactionImple.getStatus: javax.transaction.Status.STATUS_MARKED_ROLLBACK
2020-10-02 10:36:03,882 TRACE [com.arjuna.ats.arjuna] (default task-2) BasicAction::End() for action-id 0:ffff0a2804a2:393569ae:5f76e659:10
2020-10-02 10:36:03,882 TRACE [com.arjuna.ats.arjuna] (default task-2) BasicAction::Abort() for action-id 0:ffff0a2804a2:393569ae:5f76e659:10
2020-10-02 10:36:03,883 TRACE [com.arjuna.ats.arjuna] (default task-2) BasicAction::doAbort (XAResourceRecord < resource:XAResourceWrapperImpl@733b78b2[xaResource=org.jboss.jca.adapters.jdbc.xa.XAManagedConnection@5b0519 pad=false overrideRmValue=null productName=H2 productVersion=1.4.197 (2018-03-18) jndiName=java:jboss/datasources/ExampleXADS], txid:< formatId=131077, gtrid_length=29, bqual_length=36, tx_uid=0:ffff0a2804a2:393569ae:5f76e659:10, node_name=1, branch_uid=0:ffff0a2804a2:393569ae:5f76e659:1a, subordinatenodename=null, eis_name=java:jboss/datasources/ExampleXADS >, heuristic: TwoPhaseOutcome.FINISH_OK, product: H2/1.4.197 (2018-03-18), jndiName: java:jboss/datasources/ExampleXADS com.arjuna.ats.internal.jta.resources.arjunacore.XAResourceRecord@23ddcc1e >)
2020-10-02 10:36:03,883 TRACE [com.arjuna.ats.jta] (default task-2) XAResourceRecord.topLevelAbort for XAResourceRecord < resource:XAResourceWrapperImpl@733b78b2[xaResource=org.jboss.jca.adapters.jdbc.xa.XAManagedConnection@5b0519 pad=false overrideRmValue=null productName=H2 productVersion=1.4.197 (2018-03-18) jndiName=java:jboss/datasources/ExampleXADS], txid:< formatId=131077, gtrid_length=29, bqual_length=36, tx_uid=0:ffff0a2804a2:393569ae:5f76e659:10, node_name=1, branch_uid=0:ffff0a2804a2:393569ae:5f76e659:1a, subordinatenodename=null, eis_name=java:jboss/datasources/ExampleXADS >, heuristic: TwoPhaseOutcome.FINISH_OK, product: H2/1.4.197 (2018-03-18), jndiName: java:jboss/datasources/ExampleXADS com.arjuna.ats.internal.jta.resources.arjunacore.XAResourceRecord@23ddcc1e >, record id=0:ffff0a2804a2:393569ae:5f76e659:1b
2020-10-02 10:36:03,883 TRACE [com.arjuna.ats.arjuna] (default task-2) BasicAction::doAbort() result for action-id (0:ffff0a2804a2:393569ae:5f76e659:10) on record id: (0:ffff0a2804a2:393569ae:5f76e659:1b) is (TwoPhaseOutcome.FINISH_OK) node id: (1)
2020-10-02 10:36:03,883 TRACE [com.arjuna.ats.arjuna] (default task-2) BasicAction::doAbort (XAResourceRecord < resource:XAResourceWrapperImpl@1183aa27[xaResource=org.jboss.jca.adapters.jdbc.xa.XAManagedConnection@516d0ed1 pad=false overrideRmValue=null productName=H2 productVersion=1.4.197 (2018-03-18) jndiName=java:jboss/datasources/ExampleXADS2], txid:< formatId=131077, gtrid_length=29, bqual_length=36, tx_uid=0:ffff0a2804a2:393569ae:5f76e659:10, node_name=1, branch_uid=0:ffff0a2804a2:393569ae:5f76e659:20, subordinatenodename=null, eis_name=java:jboss/datasources/ExampleXADS2 >, heuristic: TwoPhaseOutcome.FINISH_OK, product: H2/1.4.197 (2018-03-18), jndiName: java:jboss/datasources/ExampleXADS2 com.arjuna.ats.internal.jta.resources.arjunacore.XAResourceRecord@31da7506 >)
2020-10-02 10:36:03,883 TRACE [com.arjuna.ats.jta] (default task-2) XAResourceRecord.topLevelAbort for XAResourceRecord < resource:XAResourceWrapperImpl@1183aa27[xaResource=org.jboss.jca.adapters.jdbc.xa.XAManagedConnection@516d0ed1 pad=false overrideRmValue=null productName=H2 productVersion=1.4.197 (2018-03-18) jndiName=java:jboss/datasources/ExampleXADS2], txid:< formatId=131077, gtrid_length=29, bqual_length=36, tx_uid=0:ffff0a2804a2:393569ae:5f76e659:10, node_name=1, branch_uid=0:ffff0a2804a2:393569ae:5f76e659:20, subordinatenodename=null, eis_name=java:jboss/datasources/ExampleXADS2 >, heuristic: TwoPhaseOutcome.FINISH_OK, product: H2/1.4.197 (2018-03-18), jndiName: java:jboss/datasources/ExampleXADS2 com.arjuna.ats.internal.jta.resources.arjunacore.XAResourceRecord@31da7506 >, record id=0:ffff0a2804a2:393569ae:5f76e659:21
2020-10-02 10:36:03,883 TRACE [com.arjuna.ats.arjuna] (default task-2) BasicAction::doAbort() result for action-id (0:ffff0a2804a2:393569ae:5f76e659:10) on record id: (0:ffff0a2804a2:393569ae:5f76e659:21) is (TwoPhaseOutcome.FINISH_OK) node id: (1)
2020-10-02 10:36:03,883 TRACE [com.arjuna.ats.jta] (default task-2) SynchronizationImple.afterCompletion - Class: class org.wildfly.transaction.client.AbstractTransaction$AssociatingSynchronization HashCode: 689401931 toString: org.wildfly.transaction.client.AbstractTransaction$AssociatingSynchronization@2917704b
2020-10-02 10:36:03,883 TRACE [com.arjuna.ats.jta] (default task-2) TransactionImple.equals
2020-10-02 10:36:03,883 TRACE [com.arjuna.ats.jta] (default task-2) SynchronizationImple.afterCompletion - Class: class org.wildfly.transaction.client.provider.jboss.JBossLocalTransactionProvider$1 HashCode: 428203045 toString: org.wildfly.transaction.client.provider.jboss.JBossLocalTransactionProvider$1@1985dc25
2020-10-02 10:36:03,883 TRACE [com.arjuna.ats.jta] (default task-2) SynchronizationImple.afterCompletion - Class: class org.wildfly.transaction.client.AbstractTransaction$AssociatingSynchronization HashCode: 1004405180 toString: org.wildfly.transaction.client.AbstractTransaction$AssociatingSynchronization@3bde01bc
2020-10-02 10:36:03,883 TRACE [com.arjuna.ats.jta] (default task-2) TransactionImple.equals
2020-10-02 10:36:03,883 INFO  [support.jboss.ejb.session.RollbackOnlySynchronization] (default task-2) The transaction finished with status: STATUS_ROLLEDBACK (4)
2020-10-02 10:36:03,884 TRACE [com.arjuna.ats.jta] (default task-2) SynchronizationImple.afterCompletion - Class: class org.wildfly.transaction.client.AbstractTransaction$AssociatingSynchronization HashCode: 126327184 toString: org.wildfly.transaction.client.AbstractTransaction$AssociatingSynchronization@7879990
2020-10-02 10:36:03,884 TRACE [com.arjuna.ats.jta] (default task-2) TransactionImple.equals
2020-10-02 10:36:03,884 TRACE [com.arjuna.ats.arjuna] (default task-2) BasicAction::removeChildThread () action 0:ffff0a2804a2:393569ae:5f76e659:10 removing 1
2020-10-02 10:36:03,884 TRACE [com.arjuna.ats.arjuna] (default task-2) BasicAction::removeChildThread () action 0:ffff0a2804a2:393569ae:5f76e659:10 removing 1 result = true
2020-10-02 10:36:03,884 TRACE [com.arjuna.ats.arjuna] (default task-2) TransactionReaper::remove ( BasicAction: 0:ffff0a2804a2:393569ae:5f76e659:10 status: ActionStatus.ABORTED )
2020-10-02 10:36:03,885 ERROR [org.jboss.as.ejb3.invocation] (default task-2) WFLYEJB0034: EJB Invocation failed on component SessionBean for method public abstract java.lang.String support.jboss.ejb.session.ISession.test() throws java.lang.Exception: javax.ejb.EJBTransactionRolledbackException: javax.transaction.RollbackException: ARJUNA016053: Could not commit transaction.
	at org.jboss.as.ejb3.tx.CMTTxInterceptor.endTransaction(CMTTxInterceptor.java:115)
	at org.jboss.as.ejb3.tx.CMTTxInterceptor.invokeInOurTx(CMTTxInterceptor.java:282)
	at org.jboss.as.ejb3.tx.CMTTxInterceptor.required(CMTTxInterceptor.java:388)
	at org.jboss.as.ejb3.tx.CMTTxInterceptor.processInvocation(CMTTxInterceptor.java:158)
	at org.jboss.invocation.InterceptorContext.proceed(InterceptorContext.java:422)
	at org.jboss.invocation.InterceptorContext$Invocation.proceed(InterceptorContext.java:509)
	at org.jboss.weld.module.ejb.AbstractEJBRequestScopeActivationInterceptor.aroundInvoke(AbstractEJBRequestScopeActivationInterceptor.java:81)
	at org.jboss.as.weld.ejb.EjbRequestScopeActivationInterceptor.processInvocation(EjbRequestScopeActivationInterceptor.java:89)
	at org.jboss.invocation.InterceptorContext.proceed(InterceptorContext.java:422)
	at org.jboss.as.ejb3.component.interceptors.CurrentInvocationContextInterceptor.processInvocation(CurrentInvocationContextInterceptor.java:41)
	at org.jboss.invocation.InterceptorContext.proceed(InterceptorContext.java:422)
	at org.jboss.as.ejb3.component.invocationmetrics.WaitTimeInterceptor.processInvocation(WaitTimeInterceptor.java:47)
	at org.jboss.invocation.InterceptorContext.proceed(InterceptorContext.java:422)
	at org.jboss.as.ejb3.security.SecurityContextInterceptor.processInvocation(SecurityContextInterceptor.java:100)
	at org.jboss.invocation.InterceptorContext.proceed(InterceptorContext.java:422)
	at org.jboss.as.ejb3.deployment.processors.StartupAwaitInterceptor.processInvocation(StartupAwaitInterceptor.java:22)
	at org.jboss.invocation.InterceptorContext.proceed(InterceptorContext.java:422)
	at org.jboss.as.ejb3.component.interceptors.ShutDownInterceptorFactory$1.processInvocation(ShutDownInterceptorFactory.java:64)
	at org.jboss.invocation.InterceptorContext.proceed(InterceptorContext.java:422)
	at org.jboss.as.ejb3.deployment.processors.EjbSuspendInterceptor.processInvocation(EjbSuspendInterceptor.java:57)
	at org.jboss.invocation.InterceptorContext.proceed(InterceptorContext.java:422)
	at org.jboss.as.ejb3.component.interceptors.LoggingInterceptor.processInvocation(LoggingInterceptor.java:67)
	at org.jboss.invocation.InterceptorContext.proceed(InterceptorContext.java:422)
	at org.jboss.as.ee.component.NamespaceContextInterceptor.processInvocation(NamespaceContextInterceptor.java:50)
	at org.jboss.invocation.InterceptorContext.proceed(InterceptorContext.java:422)
	at org.jboss.invocation.ContextClassLoaderInterceptor.processInvocation(ContextClassLoaderInterceptor.java:60)
	at org.jboss.invocation.InterceptorContext.proceed(InterceptorContext.java:422)
	at org.jboss.invocation.InterceptorContext.run(InterceptorContext.java:438)
	at org.wildfly.security.manager.WildFlySecurityManager.doChecked(WildFlySecurityManager.java:628)
	at org.jboss.invocation.AccessCheckingInterceptor.processInvocation(AccessCheckingInterceptor.java:57)
	at org.jboss.invocation.InterceptorContext.proceed(InterceptorContext.java:422)
	at org.jboss.invocation.ChainedInterceptor.processInvocation(ChainedInterceptor.java:53)
	at org.jboss.as.ee.component.ViewService$View.invoke(ViewService.java:198)
	at org.wildfly.security.auth.server.SecurityIdentity.runAsFunctionEx(SecurityIdentity.java:421)
	at org.jboss.as.ejb3.remote.AssociationImpl.invokeWithIdentity(AssociationImpl.java:619)
	at org.jboss.as.ejb3.remote.AssociationImpl.invokeMethod(AssociationImpl.java:600)
	at org.jboss.as.ejb3.remote.AssociationImpl.lambda$receiveInvocationRequest$0(AssociationImpl.java:217)
	at org.jboss.as.ejb3.remote.AssociationImpl.execute(AssociationImpl.java:310)
	at org.jboss.as.ejb3.remote.AssociationImpl.receiveInvocationRequest(AssociationImpl.java:263)
	at org.jboss.ejb.protocol.remote.EJBServerChannel$ReceiverImpl.handleInvocationRequest(EJBServerChannel.java:473)
	at org.jboss.ejb.protocol.remote.EJBServerChannel$ReceiverImpl.handleMessage(EJBServerChannel.java:208)
	at org.jboss.remoting3.remote.RemoteConnectionChannel.lambda$handleMessageData$3(RemoteConnectionChannel.java:430)
	at org.jboss.remoting3.EndpointImpl$TrackingExecutor.lambda$execute$0(EndpointImpl.java:991)
	at org.jboss.threads.ContextClassLoaderSavingRunnable.run(ContextClassLoaderSavingRunnable.java:35)
	at org.jboss.threads.EnhancedQueueExecutor.safeRun(EnhancedQueueExecutor.java:1990)
	at org.jboss.threads.EnhancedQueueExecutor$ThreadBody.doRunTask(EnhancedQueueExecutor.java:1486)
	at org.jboss.threads.EnhancedQueueExecutor$ThreadBody.run(EnhancedQueueExecutor.java:1377)
	at org.xnio.XnioWorker$WorkerThreadFactory$1$1.run(XnioWorker.java:1280)
	at java.lang.Thread.run(Thread.java:748)
Caused by: javax.transaction.RollbackException: ARJUNA016053: Could not commit transaction.
	at com.arjuna.ats.internal.jta.transaction.arjunacore.TransactionImple.commitAndDisassociate(TransactionImple.java:1307)
	at com.arjuna.ats.internal.jta.transaction.arjunacore.BaseTransaction.commit(BaseTransaction.java:126)
	at com.arjuna.ats.jbossatx.BaseTransactionManagerDelegate.commit(BaseTransactionManagerDelegate.java:94)
	at org.wildfly.transaction.client.LocalTransaction.commitAndDissociate(LocalTransaction.java:78)
	at org.wildfly.transaction.client.ContextTransactionManager.commit(ContextTransactionManager.java:71)
	at org.jboss.as.ejb3.tx.CMTTxInterceptor.endTransaction(CMTTxInterceptor.java:89)
	... 48 more
	Suppressed: javax.transaction.RollbackException: WFTXN0061: Transaction is marked rollback-only
		at org.wildfly.transaction.client.AbstractTransaction.setRollbackOnly(AbstractTransaction.java:96)
		at org.wildfly.transaction.client.LocalTransaction.setRollbackOnly(LocalTransaction.java:159)
		at org.wildfly.transaction.client.ContextTransactionManager.setRollbackOnly(ContextTransactionManager.java:94)
		at support.jboss.ejb.session.RollbackOnlySynchronization.beforeCompletion(RollbackOnlySynchronization.java:25)
		at org.wildfly.transaction.client.AbstractTransaction.performConsumer(AbstractTransaction.java:236)
		at org.wildfly.transaction.client.AbstractTransaction.performConsumer(AbstractTransaction.java:247)
		at org.wildfly.transaction.client.AbstractTransaction$AssociatingSynchronization.beforeCompletion(AbstractTransaction.java:292)
		at com.arjuna.ats.internal.jta.resources.arjunacore.SynchronizationImple.beforeCompletion(SynchronizationImple.java:76)
		at com.arjuna.ats.arjuna.coordinator.TwoPhaseCoordinator.beforeCompletion(TwoPhaseCoordinator.java:360)
		at com.arjuna.ats.arjuna.coordinator.TwoPhaseCoordinator.end(TwoPhaseCoordinator.java:91)
		at com.arjuna.ats.arjuna.AtomicAction.commit(AtomicAction.java:162)
		at com.arjuna.ats.internal.jta.transaction.arjunacore.TransactionImple.commitAndDisassociate(TransactionImple.java:1295)
		... 53 more
Caused by: java.lang.Throwable: setRollbackOnly called from:
	at com.arjuna.ats.internal.jta.transaction.arjunacore.TransactionImple.setRollbackOnly(TransactionImple.java:338)
	at org.wildfly.transaction.client.LocalTransaction.setRollbackOnly(LocalTransaction.java:160)
	at org.wildfly.transaction.client.ContextTransactionManager.setRollbackOnly(ContextTransactionManager.java:94)
	at support.jboss.ejb.session.RollbackOnlySynchronization.beforeCompletion(RollbackOnlySynchronization.java:25)
	at org.wildfly.transaction.client.AbstractTransaction.performConsumer(AbstractTransaction.java:236)
	at org.wildfly.transaction.client.AbstractTransaction.performConsumer(AbstractTransaction.java:247)
	at org.wildfly.transaction.client.AbstractTransaction$AssociatingSynchronization.beforeCompletion(AbstractTransaction.java:292)
	at com.arjuna.ats.internal.jta.resources.arjunacore.SynchronizationImple.beforeCompletion(SynchronizationImple.java:76)
	at com.arjuna.ats.arjuna.coordinator.TwoPhaseCoordinator.beforeCompletion(TwoPhaseCoordinator.java:360)
	at com.arjuna.ats.arjuna.coordinator.TwoPhaseCoordinator.end(TwoPhaseCoordinator.java:91)
	at com.arjuna.ats.arjuna.AtomicAction.commit(AtomicAction.java:162)
	at com.arjuna.ats.internal.jta.transaction.arjunacore.TransactionImple.commitAndDisassociate(TransactionImple.java:1295)
	... 53 more

2020-10-02 10:36:09,271 INFO  [org.jboss.as.server] (Thread-2) WFLYSRV0272: Suspending server
2020-10-02 10:36:09,273 INFO  [com.arjuna.ats.jbossatx] (Thread-2) ARJUNA032034: Suspending transaction recovery manager
2020-10-02 10:36:09,278 DEBUG [com.arjuna.ats.arjuna] (Thread-2) PeriodicRecovery: Mode <== SUSPENDED
2020-10-02 10:36:09,278 DEBUG [com.arjuna.ats.arjuna] (Periodic Recovery) PeriodicRecovery: background thread wait while SUSPENDED
2020-10-02 10:36:09,279 INFO  [org.jboss.as.ejb3] (Thread-2) WFLYEJB0493: EJB subsystem suspension complete
2020-10-02 10:36:09,290 INFO  [org.jboss.as.server] (Thread-2) WFLYSRV0220: Server shutdown has been requested via an OS signal
2020-10-02 10:36:09,301 INFO  [org.jboss.as.mail.extension] (MSC service thread 1-1) WFLYMAIL0002: Unbound mail session [java:jboss/mail/Default]
2020-10-02 10:36:09,305 INFO  [org.wildfly.extension.undertow] (ServerService Thread Pool -- 86) WFLYUT0022: Unregistered web context: '/jboss-eap-test' from server 'default-server'
2020-10-02 10:36:09,315 TRACE [com.arjuna.ats.jta] (ServerService Thread Pool -- 78) TransactionImpleManager.suspend
2020-10-02 10:36:09,315 TRACE [com.arjuna.ats.jta] (ServerService Thread Pool -- 78) BaseTransaction.begin
2020-10-02 10:36:09,315 TRACE [com.arjuna.ats.arjuna] (ServerService Thread Pool -- 78) StateManager::StateManager( 2, 0 )
2020-10-02 10:36:09,316 TRACE [com.arjuna.ats.arjuna] (ServerService Thread Pool -- 78) BasicAction::BasicAction()
2020-10-02 10:36:09,316 TRACE [com.arjuna.ats.arjuna] (ServerService Thread Pool -- 78) BasicAction::Begin() for action-id 0:ffff0a2804a2:393569ae:5f76e659:23
2020-10-02 10:36:09,316 TRACE [com.arjuna.ats.arjuna] (ServerService Thread Pool -- 78) BasicAction::actionInitialise() for action-id 0:ffff0a2804a2:393569ae:5f76e659:23
2020-10-02 10:36:09,316 TRACE [com.arjuna.ats.arjuna] (ServerService Thread Pool -- 78) ActionHierarchy::ActionHierarchy(1)
2020-10-02 10:36:09,316 TRACE [com.arjuna.ats.arjuna] (ServerService Thread Pool -- 78) ActionHierarchy::add(0:ffff0a2804a2:393569ae:5f76e659:23, 1)
2020-10-02 10:36:09,316 TRACE [com.arjuna.ats.arjuna] (ServerService Thread Pool -- 78) BasicAction::addChildThread () action 0:ffff0a2804a2:393569ae:5f76e659:23 adding Thread[ServerService Thread Pool -- 78,5,ServerService ThreadGroup]
2020-10-02 10:36:09,316 TRACE [com.arjuna.ats.arjuna] (ServerService Thread Pool -- 78) BasicAction::addChildThread () action 0:ffff0a2804a2:393569ae:5f76e659:23 adding Thread[ServerService Thread Pool -- 78,5,ServerService ThreadGroup] result = true
2020-10-02 10:36:09,316 TRACE [com.arjuna.ats.arjuna] (ServerService Thread Pool -- 78) TransactionReaper::insert ( BasicAction: 0:ffff0a2804a2:393569ae:5f76e659:23 status: ActionStatus.RUNNING, 300 )
2020-10-02 10:36:09,316 TRACE [com.arjuna.ats.arjuna] (ServerService Thread Pool -- 78) ReaperElement::ReaperElement ( BasicAction: 0:ffff0a2804a2:393569ae:5f76e659:23 status: ActionStatus.RUNNING, 300 )
2020-10-02 10:36:09,317 TRACE [com.arjuna.ats.jta] (ServerService Thread Pool -- 78) TransactionImple.getStatus: javax.transaction.Status.STATUS_ACTIVE
2020-10-02 10:36:09,317 TRACE [com.arjuna.ats.jta] (ServerService Thread Pool -- 78) TransactionImpleManager.suspend
2020-10-02 10:36:09,317 TRACE [com.arjuna.ats.arjuna] (ServerService Thread Pool -- 78) BasicAction::removeChildThread () action 0:ffff0a2804a2:393569ae:5f76e659:23 removing 2
2020-10-02 10:36:09,317 TRACE [com.arjuna.ats.arjuna] (ServerService Thread Pool -- 78) BasicAction::removeChildThread () action 0:ffff0a2804a2:393569ae:5f76e659:23 removing 2 result = true
2020-10-02 10:36:09,317 TRACE [com.arjuna.ats.jta] (ServerService Thread Pool -- 78) TransactionImple.getStatus: javax.transaction.Status.STATUS_ACTIVE
2020-10-02 10:36:09,317 TRACE [com.arjuna.ats.jta] (ServerService Thread Pool -- 78) TransactionImple.registerSynchronization - Class: class org.wildfly.transaction.client.AbstractTransaction$AssociatingSynchronization HashCode: 848899197 toString: org.wildfly.transaction.client.AbstractTransaction$AssociatingSynchronization@32992c7d
2020-10-02 10:36:09,317 TRACE [com.arjuna.ats.jta] (ServerService Thread Pool -- 78) TransactionImpleManager.resume
2020-10-02 10:36:09,317 TRACE [com.arjuna.ats.arjuna] (ServerService Thread Pool -- 78) BasicAction::addChildThread () action 0:ffff0a2804a2:393569ae:5f76e659:23 adding Thread[ServerService Thread Pool -- 78,5,ServerService ThreadGroup]
2020-10-02 10:36:09,317 TRACE [com.arjuna.ats.arjuna] (ServerService Thread Pool -- 78) BasicAction::addChildThread () action 0:ffff0a2804a2:393569ae:5f76e659:23 adding Thread[ServerService Thread Pool -- 78,5,ServerService ThreadGroup] result = true
2020-10-02 10:36:09,317 TRACE [com.arjuna.ats.jta] (ServerService Thread Pool -- 78) TransactionImple.equals
2020-10-02 10:36:09,317 TRACE [com.arjuna.ats.jta] (ServerService Thread Pool -- 78) TransactionImple.equals
2020-10-02 10:36:09,317 INFO  [org.wildfly.extension.undertow] (MSC service thread 1-5) WFLYUT0019: Host default-host stopping
2020-10-02 10:36:09,317 TRACE [com.arjuna.ats.jta] (ServerService Thread Pool -- 78) TransactionImple.getStatus: javax.transaction.Status.STATUS_ACTIVE
2020-10-02 10:36:09,317 TRACE [com.arjuna.ats.jta] (ServerService Thread Pool -- 78) TransactionImple.equals
2020-10-02 10:36:09,317 TRACE [com.arjuna.ats.jta] (ServerService Thread Pool -- 78) TransactionImple.getStatus: javax.transaction.Status.STATUS_ACTIVE
2020-10-02 10:36:09,317 TRACE [com.arjuna.ats.jta] (ServerService Thread Pool -- 78) BaseTransaction.commit
2020-10-02 10:36:09,317 TRACE [com.arjuna.ats.jta] (ServerService Thread Pool -- 78) TransactionImple.commitAndDisassociate
2020-10-02 10:36:09,317 TRACE [com.arjuna.ats.jta] (ServerService Thread Pool -- 78) SynchronizationImple.beforeCompletion - Class: class org.wildfly.transaction.client.AbstractTransaction$AssociatingSynchronization HashCode: 848899197 toString: org.wildfly.transaction.client.AbstractTransaction$AssociatingSynchronization@32992c7d
2020-10-02 10:36:09,317 TRACE [com.arjuna.ats.jta] (ServerService Thread Pool -- 78) TransactionImple.equals
2020-10-02 10:36:09,317 TRACE [com.arjuna.ats.jta] (ServerService Thread Pool -- 78) SynchronizationImple.beforeCompletion - Class: class org.wildfly.transaction.client.provider.jboss.JBossLocalTransactionProvider$1 HashCode: 1122451796 toString: org.wildfly.transaction.client.provider.jboss.JBossLocalTransactionProvider$1@42e74154
2020-10-02 10:36:09,317 TRACE [com.arjuna.ats.arjuna] (ServerService Thread Pool -- 78) BasicAction::End() for action-id 0:ffff0a2804a2:393569ae:5f76e659:23
2020-10-02 10:36:09,317 TRACE [com.arjuna.ats.arjuna] (ServerService Thread Pool -- 78) BasicAction::End() result for action-id (0:ffff0a2804a2:393569ae:5f76e659:23) is (TwoPhaseOutcome.PREPARE_OK) node id: (1)
2020-10-02 10:36:09,318 TRACE [com.arjuna.ats.jta] (ServerService Thread Pool -- 78) SynchronizationImple.afterCompletion - Class: class org.wildfly.transaction.client.provider.jboss.JBossLocalTransactionProvider$1 HashCode: 1122451796 toString: org.wildfly.transaction.client.provider.jboss.JBossLocalTransactionProvider$1@42e74154
2020-10-02 10:36:09,318 TRACE [com.arjuna.ats.jta] (ServerService Thread Pool -- 78) SynchronizationImple.afterCompletion - Class: class org.wildfly.transaction.client.AbstractTransaction$AssociatingSynchronization HashCode: 848899197 toString: org.wildfly.transaction.client.AbstractTransaction$AssociatingSynchronization@32992c7d
2020-10-02 10:36:09,318 TRACE [com.arjuna.ats.jta] (ServerService Thread Pool -- 78) TransactionImple.equals
2020-10-02 10:36:09,318 TRACE [com.arjuna.ats.arjuna] (ServerService Thread Pool -- 78) BasicAction::removeChildThread () action 0:ffff0a2804a2:393569ae:5f76e659:23 removing 2
2020-10-02 10:36:09,318 TRACE [com.arjuna.ats.arjuna] (ServerService Thread Pool -- 78) BasicAction::removeChildThread () action 0:ffff0a2804a2:393569ae:5f76e659:23 removing 2 result = true
2020-10-02 10:36:09,318 TRACE [com.arjuna.ats.arjuna] (ServerService Thread Pool -- 78) TransactionReaper::remove ( BasicAction: 0:ffff0a2804a2:393569ae:5f76e659:23 status: ActionStatus.COMMITTED )
2020-10-02 10:36:09,330 INFO  [org.jboss.as.connector.subsystems.datasources] (MSC service thread 1-5) WFLYJCA0010: Unbound data source [java:jboss/datasources/ExampleXADS2]
2020-10-02 10:36:09,331 INFO  [org.jboss.as.connector.subsystems.datasources] (MSC service thread 1-6) WFLYJCA0010: Unbound data source [java:jboss/datasources/ExampleXADS]
2020-10-02 10:36:09,332 INFO  [org.jboss.as.connector.subsystems.datasources] (MSC service thread 1-5) WFLYJCA0010: Unbound data source [java:jboss/datasources/ExampleDS]
2020-10-02 10:36:09,336 INFO  [org.jboss.as.connector.deployers.jdbc] (MSC service thread 1-6) WFLYJCA0019: Stopped Driver service with driver-name = h2
2020-10-02 10:36:09,341 INFO  [org.jboss.as.clustering.infinispan] (ServerService Thread Pool -- 85) WFLYCLINF0003: Stopped http-remoting-connector cache from ejb container
2020-10-02 10:36:09,343 INFO  [org.infinispan.manager.DefaultCacheManager] (ServerService Thread Pool -- 85) Stopping cache manager null on null
2020-10-02 10:36:09,350 INFO  [com.arjuna.ats.jbossatx] (MSC service thread 1-6) ARJUNA032018: Destroying TransactionManagerService
2020-10-02 10:36:09,352 INFO  [com.arjuna.ats.jbossatx] (MSC service thread 1-7) ARJUNA032014: Stopping transaction recovery manager
2020-10-02 10:36:09,352 DEBUG [com.arjuna.ats.jta] (MSC service thread 1-5) Setting up node identifiers 'null' for which recovery will be performed
2020-10-02 10:36:09,352 INFO  [org.jboss.as.server.deployment] (MSC service thread 1-6) WFLYSRV0028: Stopped deployment jboss.eap-1.0-SNAPSHOT.war (runtime-name: jboss.eap-1.0-SNAPSHOT.war) in 57ms
2020-10-02 10:36:09,352 INFO  [org.wildfly.extension.undertow] (MSC service thread 1-8) WFLYUT0008: Undertow HTTP listener default suspending
2020-10-02 10:36:09,352 INFO  [org.wildfly.extension.undertow] (MSC service thread 1-2) WFLYUT0008: Undertow HTTPS listener https suspending
2020-10-02 10:36:09,353 DEBUG [com.arjuna.ats.arjuna] (MSC service thread 1-7) PeriodicRecovery: Mode <== TERMINATED
2020-10-02 10:36:09,353 DEBUG [com.arjuna.ats.arjuna] (MSC service thread 1-7) PeriodicRecovery: shutdown scan wait complete
2020-10-02 10:36:09,353 DEBUG [com.arjuna.ats.arjuna] (Periodic Recovery) PeriodicRecovery: background thread exiting
2020-10-02 10:36:09,353 INFO  [org.wildfly.extension.undertow] (MSC service thread 1-2) WFLYUT0007: Undertow HTTPS listener https stopped, was bound to 127.0.0.1:8443
2020-10-02 10:36:09,353 INFO  [org.wildfly.extension.undertow] (MSC service thread 1-8) WFLYUT0007: Undertow HTTP listener default stopped, was bound to 127.0.0.1:8080
2020-10-02 10:36:09,353 INFO  [org.wildfly.extension.undertow] (MSC service thread 1-2) WFLYUT0004: Undertow 2.2.0.Final stopping
2020-10-02 10:36:09,358 INFO  [org.jboss.as] (MSC service thread 1-1) WFLYSRV0050: WildFly Full 21.0.0.Final-SNAPSHOT (WildFly Core 13.0.0.Beta6) stopped in 65ms
